<?xml version="1.0" encoding="utf-8"?>
<coverage line-rate="0.7583" branch-rate="0.5775" version="1.9" timestamp="1653394607" lines-covered="1001" lines-valid="1320" branches-covered="67" branches-valid="116">
  <sources>
    <source>C:\Users\user\</source>
  </sources>
  <packages>
    <package name="BLL.Tests" line-rate="0.9947" branch-rate="1" complexity="72">
      <classes>
        <class name="AutoGeneratedProgram" filename=".nuget\packages\microsoft.net.test.sdk\16.7.1\build\netcoreapp2.1\Microsoft.NET.Test.Sdk.Program.cs" line-rate="0" branch-rate="1" complexity="1">
          <methods>
            <method name="Main" signature="(System.String[])" line-rate="0" branch-rate="1" complexity="1">
              <lines>
                <line number="4" hits="0" branch="False" />
              </lines>
            </method>
          </methods>
          <lines>
            <line number="4" hits="0" branch="False" />
          </lines>
        </class>
        <class name="BLL.Tests.AddClubPassCommandHandlerTests/&lt;AddClubPassCommandHandler_Success&gt;d__0" filename="Desktop\lab4.6-4.7\BLL.Tests\ClubPass\Commands\AddClubPassCommandHandlerTests.cs" line-rate="1" branch-rate="1" complexity="1">
          <methods>
            <method name="MoveNext" signature="()" line-rate="1" branch-rate="1" complexity="1">
              <lines>
                <line number="14" hits="1" branch="False" />
                <line number="16" hits="1" branch="False" />
                <line number="17" hits="1" branch="False" />
                <line number="18" hits="1" branch="False" />
                <line number="19" hits="1" branch="False" />
                <line number="20" hits="1" branch="False" />
                <line number="21" hits="1" branch="False" />
                <line number="24" hits="1" branch="False" />
                <line number="25" hits="1" branch="False" />
                <line number="26" hits="1" branch="False" />
                <line number="27" hits="1" branch="False" />
                <line number="28" hits="1" branch="False" />
                <line number="29" hits="1" branch="False" />
                <line number="30" hits="1" branch="False" />
                <line number="31" hits="1" branch="False" />
                <line number="32" hits="1" branch="False" />
                <line number="35" hits="1" branch="False" />
                <line number="36" hits="1" branch="False" />
                <line number="37" hits="1" branch="False" />
                <line number="38" hits="1" branch="False" />
                <line number="39" hits="1" branch="False" />
              </lines>
            </method>
          </methods>
          <lines>
            <line number="14" hits="1" branch="False" />
            <line number="16" hits="1" branch="False" />
            <line number="17" hits="1" branch="False" />
            <line number="18" hits="1" branch="False" />
            <line number="19" hits="1" branch="False" />
            <line number="20" hits="1" branch="False" />
            <line number="21" hits="1" branch="False" />
            <line number="24" hits="1" branch="False" />
            <line number="25" hits="1" branch="False" />
            <line number="26" hits="1" branch="False" />
            <line number="27" hits="1" branch="False" />
            <line number="28" hits="1" branch="False" />
            <line number="29" hits="1" branch="False" />
            <line number="30" hits="1" branch="False" />
            <line number="31" hits="1" branch="False" />
            <line number="32" hits="1" branch="False" />
            <line number="35" hits="1" branch="False" />
            <line number="36" hits="1" branch="False" />
            <line number="37" hits="1" branch="False" />
            <line number="38" hits="1" branch="False" />
            <line number="39" hits="1" branch="False" />
          </lines>
        </class>
        <class name="BLL.Tests.AddClubPassCommandHandlerTests/&lt;&gt;c__DisplayClass1_0/&lt;&lt;AddClubPassCommandHandler_FailedOnClubId&gt;b__0&gt;d" filename="Desktop\lab4.6-4.7\BLL.Tests\ClubPass\Commands\AddClubPassCommandHandlerTests.cs" line-rate="1" branch-rate="1" complexity="1">
          <methods>
            <method name="MoveNext" signature="()" line-rate="1" branch-rate="1" complexity="1">
              <lines>
                <line number="52" hits="2" branch="False" />
                <line number="53" hits="2" branch="False" />
              </lines>
            </method>
          </methods>
          <lines>
            <line number="52" hits="2" branch="False" />
            <line number="53" hits="2" branch="False" />
          </lines>
        </class>
        <class name="BLL.Tests.AddClubPassCommandHandlerTests/&lt;AddClubPassCommandHandler_FailedOnClubId&gt;d__1" filename="Desktop\lab4.6-4.7\BLL.Tests\ClubPass\Commands\AddClubPassCommandHandlerTests.cs" line-rate="1" branch-rate="1" complexity="1">
          <methods>
            <method name="MoveNext" signature="()" line-rate="1" branch-rate="1" complexity="1">
              <lines>
                <line number="44" hits="1" branch="False" />
                <line number="46" hits="1" branch="False" />
                <line number="47" hits="1" branch="False" />
                <line number="51" hits="1" branch="False" />
                <line number="54" hits="1" branch="False" />
              </lines>
            </method>
          </methods>
          <lines>
            <line number="44" hits="1" branch="False" />
            <line number="46" hits="1" branch="False" />
            <line number="47" hits="1" branch="False" />
            <line number="51" hits="1" branch="False" />
            <line number="54" hits="1" branch="False" />
          </lines>
        </class>
        <class name="BLL.Tests.RemoveClubPassCommandHandlerTests/&lt;RemoveClubPassCommandHandler_Success&gt;d__0" filename="Desktop\lab4.6-4.7\BLL.Tests\ClubPass\Commands\RemoveClubPassCommandHandlerTests.cs" line-rate="1" branch-rate="1" complexity="1">
          <methods>
            <method name="MoveNext" signature="()" line-rate="1" branch-rate="1" complexity="1">
              <lines>
                <line number="14" hits="1" branch="False" />
                <line number="16" hits="1" branch="False" />
                <line number="19" hits="1" branch="False" />
                <line number="20" hits="1" branch="False" />
                <line number="21" hits="1" branch="False" />
                <line number="22" hits="1" branch="False" />
                <line number="25" hits="1" branch="False" />
                <line number="26" hits="1" branch="False" />
                <line number="27" hits="1" branch="False" />
              </lines>
            </method>
          </methods>
          <lines>
            <line number="14" hits="1" branch="False" />
            <line number="16" hits="1" branch="False" />
            <line number="19" hits="1" branch="False" />
            <line number="20" hits="1" branch="False" />
            <line number="21" hits="1" branch="False" />
            <line number="22" hits="1" branch="False" />
            <line number="25" hits="1" branch="False" />
            <line number="26" hits="1" branch="False" />
            <line number="27" hits="1" branch="False" />
          </lines>
        </class>
        <class name="BLL.Tests.RemoveClubPassCommandHandlerTests/&lt;&gt;c__DisplayClass1_0/&lt;&lt;RemoveClubPassCommandHandler_FailedOnWrongId&gt;b__0&gt;d" filename="Desktop\lab4.6-4.7\BLL.Tests\ClubPass\Commands\RemoveClubPassCommandHandlerTests.cs" line-rate="1" branch-rate="1" complexity="1">
          <methods>
            <method name="MoveNext" signature="()" line-rate="1" branch-rate="1" complexity="1">
              <lines>
                <line number="38" hits="2" branch="False" />
                <line number="39" hits="2" branch="False" />
              </lines>
            </method>
          </methods>
          <lines>
            <line number="38" hits="2" branch="False" />
            <line number="39" hits="2" branch="False" />
          </lines>
        </class>
        <class name="BLL.Tests.RemoveClubPassCommandHandlerTests/&lt;RemoveClubPassCommandHandler_FailedOnWrongId&gt;d__1" filename="Desktop\lab4.6-4.7\BLL.Tests\ClubPass\Commands\RemoveClubPassCommandHandlerTests.cs" line-rate="1" branch-rate="1" complexity="1">
          <methods>
            <method name="MoveNext" signature="()" line-rate="1" branch-rate="1" complexity="1">
              <lines>
                <line number="31" hits="1" branch="False" />
                <line number="33" hits="1" branch="False" />
                <line number="37" hits="1" branch="False" />
                <line number="40" hits="1" branch="False" />
              </lines>
            </method>
          </methods>
          <lines>
            <line number="31" hits="1" branch="False" />
            <line number="33" hits="1" branch="False" />
            <line number="37" hits="1" branch="False" />
            <line number="40" hits="1" branch="False" />
          </lines>
        </class>
        <class name="BLL.Tests.UpdateClubPassCommandHandlerTests/&lt;UpdateClubPassCommandHandler_Success&gt;d__0" filename="Desktop\lab4.6-4.7\BLL.Tests\ClubPass\Commands\UpdateClubPassCommandHandlerTests.cs" line-rate="1" branch-rate="1" complexity="1">
          <methods>
            <method name="MoveNext" signature="()" line-rate="1" branch-rate="1" complexity="1">
              <lines>
                <line number="14" hits="1" branch="False" />
                <line number="16" hits="1" branch="False" />
                <line number="17" hits="1" branch="False" />
                <line number="21" hits="1" branch="False" />
                <line number="22" hits="1" branch="False" />
                <line number="23" hits="1" branch="False" />
                <line number="24" hits="1" branch="False" />
                <line number="25" hits="1" branch="False" />
                <line number="26" hits="1" branch="False" />
                <line number="29" hits="1" branch="False" />
                <line number="30" hits="1" branch="False" />
                <line number="31" hits="1" branch="False" />
              </lines>
            </method>
          </methods>
          <lines>
            <line number="14" hits="1" branch="False" />
            <line number="16" hits="1" branch="False" />
            <line number="17" hits="1" branch="False" />
            <line number="21" hits="1" branch="False" />
            <line number="22" hits="1" branch="False" />
            <line number="23" hits="1" branch="False" />
            <line number="24" hits="1" branch="False" />
            <line number="25" hits="1" branch="False" />
            <line number="26" hits="1" branch="False" />
            <line number="29" hits="1" branch="False" />
            <line number="30" hits="1" branch="False" />
            <line number="31" hits="1" branch="False" />
          </lines>
        </class>
        <class name="BLL.Tests.UpdateClubPassCommandHandlerTests/&lt;&gt;c__DisplayClass1_0/&lt;&lt;UpdateClubPassCommandHandler_FailOnWrongId&gt;b__0&gt;d" filename="Desktop\lab4.6-4.7\BLL.Tests\ClubPass\Commands\UpdateClubPassCommandHandlerTests.cs" line-rate="1" branch-rate="1" complexity="1">
          <methods>
            <method name="MoveNext" signature="()" line-rate="1" branch-rate="1" complexity="1">
              <lines>
                <line number="42" hits="2" branch="False" />
                <line number="43" hits="2" branch="False" />
                <line number="44" hits="2" branch="False" />
                <line number="45" hits="2" branch="False" />
                <line number="46" hits="2" branch="False" />
              </lines>
            </method>
          </methods>
          <lines>
            <line number="42" hits="2" branch="False" />
            <line number="43" hits="2" branch="False" />
            <line number="44" hits="2" branch="False" />
            <line number="45" hits="2" branch="False" />
            <line number="46" hits="2" branch="False" />
          </lines>
        </class>
        <class name="BLL.Tests.UpdateClubPassCommandHandlerTests/&lt;UpdateClubPassCommandHandler_FailOnWrongId&gt;d__1" filename="Desktop\lab4.6-4.7\BLL.Tests\ClubPass\Commands\UpdateClubPassCommandHandlerTests.cs" line-rate="1" branch-rate="1" complexity="1">
          <methods>
            <method name="MoveNext" signature="()" line-rate="1" branch-rate="1" complexity="1">
              <lines>
                <line number="35" hits="1" branch="False" />
                <line number="37" hits="1" branch="False" />
                <line number="41" hits="1" branch="False" />
                <line number="47" hits="1" branch="False" />
              </lines>
            </method>
          </methods>
          <lines>
            <line number="35" hits="1" branch="False" />
            <line number="37" hits="1" branch="False" />
            <line number="41" hits="1" branch="False" />
            <line number="47" hits="1" branch="False" />
          </lines>
        </class>
        <class name="BLL.Tests.GetClubPassListQueryHandlerTests" filename="Desktop\lab4.6-4.7\BLL.Tests\ClubPass\Queries\GetClubPassListQueryHandlerTests.cs" line-rate="1" branch-rate="1" complexity="1">
          <methods>
            <method name=".ctor" signature="(BLL.Tests.QueryTestFixture)" line-rate="1" branch-rate="1" complexity="1">
              <lines>
                <line number="23" hits="1" branch="False" />
                <line number="24" hits="1" branch="False" />
              </lines>
            </method>
          </methods>
          <lines>
            <line number="23" hits="1" branch="False" />
            <line number="24" hits="1" branch="False" />
          </lines>
        </class>
        <class name="BLL.Tests.GetClubPassListQueryHandlerTests/&lt;GetClubPassListQueryHandler_Success&gt;d__3" filename="Desktop\lab4.6-4.7\BLL.Tests\ClubPass\Queries\GetClubPassListQueryHandlerTests.cs" line-rate="1" branch-rate="1" complexity="1">
          <methods>
            <method name="MoveNext" signature="()" line-rate="1" branch-rate="1" complexity="1">
              <lines>
                <line number="28" hits="1" branch="False" />
                <line number="30" hits="1" branch="False" />
                <line number="33" hits="1" branch="False" />
                <line number="34" hits="1" branch="False" />
                <line number="37" hits="1" branch="False" />
                <line number="38" hits="1" branch="False" />
                <line number="39" hits="1" branch="False" />
              </lines>
            </method>
          </methods>
          <lines>
            <line number="28" hits="1" branch="False" />
            <line number="30" hits="1" branch="False" />
            <line number="33" hits="1" branch="False" />
            <line number="34" hits="1" branch="False" />
            <line number="37" hits="1" branch="False" />
            <line number="38" hits="1" branch="False" />
            <line number="39" hits="1" branch="False" />
          </lines>
        </class>
        <class name="BLL.Tests.GetClubPassQueryHandlerTests" filename="Desktop\lab4.6-4.7\BLL.Tests\ClubPass\Queries\GetClubPassQueryHandlerTests.cs" line-rate="1" branch-rate="1" complexity="1">
          <methods>
            <method name=".ctor" signature="(BLL.Tests.QueryTestFixture)" line-rate="1" branch-rate="1" complexity="1">
              <lines>
                <line number="23" hits="2" branch="False" />
                <line number="24" hits="2" branch="False" />
              </lines>
            </method>
          </methods>
          <lines>
            <line number="23" hits="2" branch="False" />
            <line number="24" hits="2" branch="False" />
          </lines>
        </class>
        <class name="BLL.Tests.GetClubPassQueryHandlerTests/&lt;GetClubPassQueryHandler_Success&gt;d__3" filename="Desktop\lab4.6-4.7\BLL.Tests\ClubPass\Queries\GetClubPassQueryHandlerTests.cs" line-rate="1" branch-rate="1" complexity="1">
          <methods>
            <method name="MoveNext" signature="()" line-rate="1" branch-rate="1" complexity="1">
              <lines>
                <line number="28" hits="1" branch="False" />
                <line number="30" hits="1" branch="False" />
                <line number="33" hits="1" branch="False" />
                <line number="34" hits="1" branch="False" />
                <line number="38" hits="1" branch="False" />
                <line number="39" hits="1" branch="False" />
                <line number="40" hits="1" branch="False" />
                <line number="41" hits="1" branch="False" />
                <line number="42" hits="1" branch="False" />
                <line number="43" hits="1" branch="False" />
                <line number="44" hits="1" branch="False" />
              </lines>
            </method>
          </methods>
          <lines>
            <line number="28" hits="1" branch="False" />
            <line number="30" hits="1" branch="False" />
            <line number="33" hits="1" branch="False" />
            <line number="34" hits="1" branch="False" />
            <line number="38" hits="1" branch="False" />
            <line number="39" hits="1" branch="False" />
            <line number="40" hits="1" branch="False" />
            <line number="41" hits="1" branch="False" />
            <line number="42" hits="1" branch="False" />
            <line number="43" hits="1" branch="False" />
            <line number="44" hits="1" branch="False" />
          </lines>
        </class>
        <class name="BLL.Tests.GetClubPassQueryHandlerTests/&lt;&gt;c__DisplayClass4_0/&lt;&lt;GetPassClubQueryHandler_FailOnWrongId&gt;b__0&gt;d" filename="Desktop\lab4.6-4.7\BLL.Tests\ClubPass\Queries\GetClubPassQueryHandlerTests.cs" line-rate="1" branch-rate="1" complexity="1">
          <methods>
            <method name="MoveNext" signature="()" line-rate="1" branch-rate="1" complexity="1">
              <lines>
                <line number="55" hits="2" branch="False" />
                <line number="56" hits="2" branch="False" />
              </lines>
            </method>
          </methods>
          <lines>
            <line number="55" hits="2" branch="False" />
            <line number="56" hits="2" branch="False" />
          </lines>
        </class>
        <class name="BLL.Tests.GetClubPassQueryHandlerTests/&lt;GetPassClubQueryHandler_FailOnWrongId&gt;d__4" filename="Desktop\lab4.6-4.7\BLL.Tests\ClubPass\Queries\GetClubPassQueryHandlerTests.cs" line-rate="1" branch-rate="1" complexity="1">
          <methods>
            <method name="MoveNext" signature="()" line-rate="1" branch-rate="1" complexity="1">
              <lines>
                <line number="48" hits="1" branch="False" />
                <line number="50" hits="1" branch="False" />
                <line number="54" hits="1" branch="False" />
                <line number="57" hits="1" branch="False" />
              </lines>
            </method>
          </methods>
          <lines>
            <line number="48" hits="1" branch="False" />
            <line number="50" hits="1" branch="False" />
            <line number="54" hits="1" branch="False" />
            <line number="57" hits="1" branch="False" />
          </lines>
        </class>
        <class name="BLL.Tests.AddClubCommandHandlerTests/&lt;AddClubCommandHandler_Success&gt;d__0" filename="Desktop\lab4.6-4.7\BLL.Tests\Club\Commands\AddClubCommandHandlerTests.cs" line-rate="1" branch-rate="1" complexity="1">
          <methods>
            <method name="MoveNext" signature="()" line-rate="1" branch-rate="1" complexity="1">
              <lines>
                <line number="17" hits="1" branch="False" />
                <line number="19" hits="1" branch="False" />
                <line number="20" hits="1" branch="False" />
                <line number="21" hits="1" branch="False" />
                <line number="22" hits="1" branch="False" />
                <line number="25" hits="1" branch="False" />
                <line number="26" hits="1" branch="False" />
                <line number="27" hits="1" branch="False" />
                <line number="28" hits="1" branch="False" />
                <line number="29" hits="1" branch="False" />
                <line number="30" hits="1" branch="False" />
                <line number="31" hits="1" branch="False" />
                <line number="34" hits="1" branch="False" />
                <line number="35" hits="1" branch="False" />
                <line number="36" hits="1" branch="False" />
                <line number="37" hits="1" branch="False" />
              </lines>
            </method>
          </methods>
          <lines>
            <line number="17" hits="1" branch="False" />
            <line number="19" hits="1" branch="False" />
            <line number="20" hits="1" branch="False" />
            <line number="21" hits="1" branch="False" />
            <line number="22" hits="1" branch="False" />
            <line number="25" hits="1" branch="False" />
            <line number="26" hits="1" branch="False" />
            <line number="27" hits="1" branch="False" />
            <line number="28" hits="1" branch="False" />
            <line number="29" hits="1" branch="False" />
            <line number="30" hits="1" branch="False" />
            <line number="31" hits="1" branch="False" />
            <line number="34" hits="1" branch="False" />
            <line number="35" hits="1" branch="False" />
            <line number="36" hits="1" branch="False" />
            <line number="37" hits="1" branch="False" />
          </lines>
        </class>
        <class name="BLL.Tests.RemoveClubCommandHandlerTests/&lt;RemoveClubCommandHandler_Success&gt;d__0" filename="Desktop\lab4.6-4.7\BLL.Tests\Club\Commands\RemoveClubCommandHandlerTests.cs" line-rate="1" branch-rate="1" complexity="1">
          <methods>
            <method name="MoveNext" signature="()" line-rate="1" branch-rate="1" complexity="1">
              <lines>
                <line number="17" hits="1" branch="False" />
                <line number="19" hits="1" branch="False" />
                <line number="22" hits="1" branch="False" />
                <line number="23" hits="1" branch="False" />
                <line number="24" hits="1" branch="False" />
                <line number="25" hits="1" branch="False" />
                <line number="28" hits="1" branch="False" />
                <line number="29" hits="1" branch="False" />
                <line number="30" hits="1" branch="False" />
              </lines>
            </method>
          </methods>
          <lines>
            <line number="17" hits="1" branch="False" />
            <line number="19" hits="1" branch="False" />
            <line number="22" hits="1" branch="False" />
            <line number="23" hits="1" branch="False" />
            <line number="24" hits="1" branch="False" />
            <line number="25" hits="1" branch="False" />
            <line number="28" hits="1" branch="False" />
            <line number="29" hits="1" branch="False" />
            <line number="30" hits="1" branch="False" />
          </lines>
        </class>
        <class name="BLL.Tests.RemoveClubCommandHandlerTests/&lt;&gt;c__DisplayClass1_0/&lt;&lt;RemoveClubCommandHandler_FailedOnWrongId&gt;b__0&gt;d" filename="Desktop\lab4.6-4.7\BLL.Tests\Club\Commands\RemoveClubCommandHandlerTests.cs" line-rate="1" branch-rate="1" complexity="1">
          <methods>
            <method name="MoveNext" signature="()" line-rate="1" branch-rate="1" complexity="1">
              <lines>
                <line number="41" hits="2" branch="False" />
                <line number="42" hits="2" branch="False" />
              </lines>
            </method>
          </methods>
          <lines>
            <line number="41" hits="2" branch="False" />
            <line number="42" hits="2" branch="False" />
          </lines>
        </class>
        <class name="BLL.Tests.RemoveClubCommandHandlerTests/&lt;RemoveClubCommandHandler_FailedOnWrongId&gt;d__1" filename="Desktop\lab4.6-4.7\BLL.Tests\Club\Commands\RemoveClubCommandHandlerTests.cs" line-rate="1" branch-rate="1" complexity="1">
          <methods>
            <method name="MoveNext" signature="()" line-rate="1" branch-rate="1" complexity="1">
              <lines>
                <line number="34" hits="1" branch="False" />
                <line number="36" hits="1" branch="False" />
                <line number="40" hits="1" branch="False" />
                <line number="43" hits="1" branch="False" />
              </lines>
            </method>
          </methods>
          <lines>
            <line number="34" hits="1" branch="False" />
            <line number="36" hits="1" branch="False" />
            <line number="40" hits="1" branch="False" />
            <line number="43" hits="1" branch="False" />
          </lines>
        </class>
        <class name="BLL.Tests.UpdateClubCommandHandlerTests/&lt;UpdateClubCommandHandler_Success&gt;d__0" filename="Desktop\lab4.6-4.7\BLL.Tests\Club\Commands\UpdateClubCommandHandlerTests.cs" line-rate="1" branch-rate="1" complexity="1">
          <methods>
            <method name="MoveNext" signature="()" line-rate="1" branch-rate="1" complexity="1">
              <lines>
                <line number="17" hits="1" branch="False" />
                <line number="19" hits="1" branch="False" />
                <line number="20" hits="1" branch="False" />
                <line number="24" hits="1" branch="False" />
                <line number="25" hits="1" branch="False" />
                <line number="26" hits="1" branch="False" />
                <line number="27" hits="1" branch="False" />
                <line number="28" hits="1" branch="False" />
                <line number="31" hits="1" branch="False" />
                <line number="32" hits="1" branch="False" />
                <line number="33" hits="1" branch="False" />
              </lines>
            </method>
          </methods>
          <lines>
            <line number="17" hits="1" branch="False" />
            <line number="19" hits="1" branch="False" />
            <line number="20" hits="1" branch="False" />
            <line number="24" hits="1" branch="False" />
            <line number="25" hits="1" branch="False" />
            <line number="26" hits="1" branch="False" />
            <line number="27" hits="1" branch="False" />
            <line number="28" hits="1" branch="False" />
            <line number="31" hits="1" branch="False" />
            <line number="32" hits="1" branch="False" />
            <line number="33" hits="1" branch="False" />
          </lines>
        </class>
        <class name="BLL.Tests.UpdateClubCommandHandlerTests/&lt;&gt;c__DisplayClass1_0/&lt;&lt;UpdateClubCommandHandler_FailOnWrongId&gt;b__0&gt;d" filename="Desktop\lab4.6-4.7\BLL.Tests\Club\Commands\UpdateClubCommandHandlerTests.cs" line-rate="1" branch-rate="1" complexity="1">
          <methods>
            <method name="MoveNext" signature="()" line-rate="1" branch-rate="1" complexity="1">
              <lines>
                <line number="44" hits="2" branch="False" />
                <line number="45" hits="2" branch="False" />
                <line number="46" hits="2" branch="False" />
                <line number="47" hits="2" branch="False" />
              </lines>
            </method>
          </methods>
          <lines>
            <line number="44" hits="2" branch="False" />
            <line number="45" hits="2" branch="False" />
            <line number="46" hits="2" branch="False" />
            <line number="47" hits="2" branch="False" />
          </lines>
        </class>
        <class name="BLL.Tests.UpdateClubCommandHandlerTests/&lt;UpdateClubCommandHandler_FailOnWrongId&gt;d__1" filename="Desktop\lab4.6-4.7\BLL.Tests\Club\Commands\UpdateClubCommandHandlerTests.cs" line-rate="1" branch-rate="1" complexity="1">
          <methods>
            <method name="MoveNext" signature="()" line-rate="1" branch-rate="1" complexity="1">
              <lines>
                <line number="37" hits="1" branch="False" />
                <line number="39" hits="1" branch="False" />
                <line number="43" hits="1" branch="False" />
                <line number="48" hits="1" branch="False" />
              </lines>
            </method>
          </methods>
          <lines>
            <line number="37" hits="1" branch="False" />
            <line number="39" hits="1" branch="False" />
            <line number="43" hits="1" branch="False" />
            <line number="48" hits="1" branch="False" />
          </lines>
        </class>
        <class name="BLL.Tests.GetClubListQueryHandlerTests" filename="Desktop\lab4.6-4.7\BLL.Tests\Club\Queries\GetClubListQueryHandlerTests.cs" line-rate="1" branch-rate="1" complexity="1">
          <methods>
            <method name=".ctor" signature="(BLL.Tests.QueryTestFixture)" line-rate="1" branch-rate="1" complexity="1">
              <lines>
                <line number="23" hits="1" branch="False" />
                <line number="24" hits="1" branch="False" />
              </lines>
            </method>
          </methods>
          <lines>
            <line number="23" hits="1" branch="False" />
            <line number="24" hits="1" branch="False" />
          </lines>
        </class>
        <class name="BLL.Tests.GetClubListQueryHandlerTests/&lt;GetClubListQueryHandler_Success&gt;d__3" filename="Desktop\lab4.6-4.7\BLL.Tests\Club\Queries\GetClubListQueryHandlerTests.cs" line-rate="1" branch-rate="1" complexity="1">
          <methods>
            <method name="MoveNext" signature="()" line-rate="1" branch-rate="1" complexity="1">
              <lines>
                <line number="28" hits="1" branch="False" />
                <line number="30" hits="1" branch="False" />
                <line number="33" hits="1" branch="False" />
                <line number="34" hits="1" branch="False" />
                <line number="37" hits="1" branch="False" />
                <line number="38" hits="1" branch="False" />
                <line number="39" hits="1" branch="False" />
              </lines>
            </method>
          </methods>
          <lines>
            <line number="28" hits="1" branch="False" />
            <line number="30" hits="1" branch="False" />
            <line number="33" hits="1" branch="False" />
            <line number="34" hits="1" branch="False" />
            <line number="37" hits="1" branch="False" />
            <line number="38" hits="1" branch="False" />
            <line number="39" hits="1" branch="False" />
          </lines>
        </class>
        <class name="BLL.Tests.GetClubQueryHandlerTests" filename="Desktop\lab4.6-4.7\BLL.Tests\Club\Queries\GetClubQueryHandlerTests.cs" line-rate="1" branch-rate="1" complexity="1">
          <methods>
            <method name=".ctor" signature="(BLL.Tests.QueryTestFixture)" line-rate="1" branch-rate="1" complexity="1">
              <lines>
                <line number="23" hits="2" branch="False" />
                <line number="24" hits="2" branch="False" />
              </lines>
            </method>
          </methods>
          <lines>
            <line number="23" hits="2" branch="False" />
            <line number="24" hits="2" branch="False" />
          </lines>
        </class>
        <class name="BLL.Tests.GetClubQueryHandlerTests/&lt;GetClubQueryHandler_Success&gt;d__3" filename="Desktop\lab4.6-4.7\BLL.Tests\Club\Queries\GetClubQueryHandlerTests.cs" line-rate="1" branch-rate="1" complexity="1">
          <methods>
            <method name="MoveNext" signature="()" line-rate="1" branch-rate="1" complexity="1">
              <lines>
                <line number="28" hits="1" branch="False" />
                <line number="30" hits="1" branch="False" />
                <line number="33" hits="1" branch="False" />
                <line number="34" hits="1" branch="False" />
                <line number="37" hits="1" branch="False" />
                <line number="38" hits="1" branch="False" />
                <line number="39" hits="1" branch="False" />
                <line number="40" hits="1" branch="False" />
                <line number="41" hits="1" branch="False" />
              </lines>
            </method>
          </methods>
          <lines>
            <line number="28" hits="1" branch="False" />
            <line number="30" hits="1" branch="False" />
            <line number="33" hits="1" branch="False" />
            <line number="34" hits="1" branch="False" />
            <line number="37" hits="1" branch="False" />
            <line number="38" hits="1" branch="False" />
            <line number="39" hits="1" branch="False" />
            <line number="40" hits="1" branch="False" />
            <line number="41" hits="1" branch="False" />
          </lines>
        </class>
        <class name="BLL.Tests.GetClubQueryHandlerTests/&lt;&gt;c__DisplayClass4_0/&lt;&lt;GetClubQueryHandler_FailOnWrongId&gt;b__0&gt;d" filename="Desktop\lab4.6-4.7\BLL.Tests\Club\Queries\GetClubQueryHandlerTests.cs" line-rate="1" branch-rate="1" complexity="1">
          <methods>
            <method name="MoveNext" signature="()" line-rate="1" branch-rate="1" complexity="1">
              <lines>
                <line number="52" hits="2" branch="False" />
                <line number="53" hits="2" branch="False" />
              </lines>
            </method>
          </methods>
          <lines>
            <line number="52" hits="2" branch="False" />
            <line number="53" hits="2" branch="False" />
          </lines>
        </class>
        <class name="BLL.Tests.GetClubQueryHandlerTests/&lt;GetClubQueryHandler_FailOnWrongId&gt;d__4" filename="Desktop\lab4.6-4.7\BLL.Tests\Club\Queries\GetClubQueryHandlerTests.cs" line-rate="1" branch-rate="1" complexity="1">
          <methods>
            <method name="MoveNext" signature="()" line-rate="1" branch-rate="1" complexity="1">
              <lines>
                <line number="45" hits="1" branch="False" />
                <line number="47" hits="1" branch="False" />
                <line number="51" hits="1" branch="False" />
                <line number="54" hits="1" branch="False" />
              </lines>
            </method>
          </methods>
          <lines>
            <line number="45" hits="1" branch="False" />
            <line number="47" hits="1" branch="False" />
            <line number="51" hits="1" branch="False" />
            <line number="54" hits="1" branch="False" />
          </lines>
        </class>
        <class name="BLL.Tests.ContextFactory" filename="Desktop\lab4.6-4.7\BLL.Tests\Common\ContextFactory.cs" line-rate="1" branch-rate="1" complexity="3">
          <methods>
            <method name="Create" signature="()" line-rate="1" branch-rate="1" complexity="1">
              <lines>
                <line number="26" hits="27" branch="False" />
                <line number="27" hits="27" branch="False" />
                <line number="28" hits="27" branch="False" />
                <line number="29" hits="27" branch="False" />
                <line number="31" hits="27" branch="False" />
                <line number="32" hits="27" branch="False" />
                <line number="33" hits="27" branch="False" />
                <line number="34" hits="27" branch="False" />
                <line number="35" hits="27" branch="False" />
                <line number="36" hits="27" branch="False" />
                <line number="37" hits="27" branch="False" />
                <line number="38" hits="27" branch="False" />
                <line number="39" hits="27" branch="False" />
                <line number="40" hits="27" branch="False" />
                <line number="41" hits="27" branch="False" />
                <line number="42" hits="27" branch="False" />
                <line number="43" hits="27" branch="False" />
                <line number="44" hits="27" branch="False" />
                <line number="45" hits="27" branch="False" />
                <line number="46" hits="27" branch="False" />
                <line number="47" hits="27" branch="False" />
                <line number="48" hits="27" branch="False" />
                <line number="49" hits="27" branch="False" />
                <line number="50" hits="27" branch="False" />
                <line number="51" hits="27" branch="False" />
                <line number="52" hits="27" branch="False" />
                <line number="53" hits="27" branch="False" />
                <line number="54" hits="27" branch="False" />
                <line number="55" hits="27" branch="False" />
                <line number="56" hits="27" branch="False" />
                <line number="57" hits="27" branch="False" />
                <line number="58" hits="27" branch="False" />
                <line number="59" hits="27" branch="False" />
                <line number="60" hits="27" branch="False" />
                <line number="61" hits="27" branch="False" />
                <line number="62" hits="27" branch="False" />
                <line number="63" hits="27" branch="False" />
                <line number="64" hits="27" branch="False" />
                <line number="65" hits="27" branch="False" />
                <line number="66" hits="27" branch="False" />
                <line number="67" hits="27" branch="False" />
                <line number="68" hits="27" branch="False" />
                <line number="69" hits="27" branch="False" />
                <line number="70" hits="27" branch="False" />
                <line number="71" hits="27" branch="False" />
                <line number="72" hits="27" branch="False" />
                <line number="73" hits="27" branch="False" />
                <line number="74" hits="27" branch="False" />
                <line number="75" hits="27" branch="False" />
                <line number="76" hits="27" branch="False" />
                <line number="77" hits="27" branch="False" />
                <line number="78" hits="27" branch="False" />
                <line number="79" hits="27" branch="False" />
                <line number="80" hits="27" branch="False" />
                <line number="81" hits="27" branch="False" />
                <line number="82" hits="27" branch="False" />
                <line number="83" hits="27" branch="False" />
                <line number="84" hits="27" branch="False" />
                <line number="85" hits="27" branch="False" />
                <line number="86" hits="27" branch="False" />
                <line number="87" hits="27" branch="False" />
                <line number="88" hits="27" branch="False" />
                <line number="89" hits="27" branch="False" />
                <line number="90" hits="27" branch="False" />
                <line number="91" hits="27" branch="False" />
                <line number="92" hits="27" branch="False" />
                <line number="93" hits="27" branch="False" />
                <line number="94" hits="27" branch="False" />
                <line number="95" hits="27" branch="False" />
                <line number="96" hits="27" branch="False" />
                <line number="97" hits="27" branch="False" />
                <line number="98" hits="27" branch="False" />
                <line number="99" hits="27" branch="False" />
                <line number="100" hits="27" branch="False" />
                <line number="101" hits="27" branch="False" />
                <line number="102" hits="27" branch="False" />
                <line number="103" hits="27" branch="False" />
                <line number="104" hits="27" branch="False" />
                <line number="105" hits="27" branch="False" />
                <line number="106" hits="27" branch="False" />
                <line number="107" hits="27" branch="False" />
                <line number="108" hits="27" branch="False" />
                <line number="109" hits="27" branch="False" />
                <line number="110" hits="27" branch="False" />
                <line number="111" hits="27" branch="False" />
                <line number="112" hits="27" branch="False" />
                <line number="113" hits="27" branch="False" />
                <line number="114" hits="27" branch="False" />
                <line number="115" hits="27" branch="False" />
                <line number="116" hits="27" branch="False" />
                <line number="117" hits="27" branch="False" />
                <line number="118" hits="27" branch="False" />
                <line number="119" hits="27" branch="False" />
                <line number="120" hits="27" branch="False" />
                <line number="121" hits="27" branch="False" />
                <line number="122" hits="27" branch="False" />
                <line number="123" hits="27" branch="False" />
                <line number="124" hits="27" branch="False" />
                <line number="125" hits="27" branch="False" />
                <line number="126" hits="27" branch="False" />
                <line number="127" hits="27" branch="False" />
                <line number="128" hits="27" branch="False" />
                <line number="129" hits="27" branch="False" />
                <line number="130" hits="27" branch="False" />
                <line number="131" hits="27" branch="False" />
                <line number="132" hits="27" branch="False" />
                <line number="133" hits="27" branch="False" />
                <line number="134" hits="27" branch="False" />
                <line number="135" hits="27" branch="False" />
                <line number="136" hits="27" branch="False" />
                <line number="137" hits="27" branch="False" />
                <line number="138" hits="27" branch="False" />
                <line number="139" hits="27" branch="False" />
                <line number="140" hits="27" branch="False" />
                <line number="141" hits="27" branch="False" />
                <line number="142" hits="27" branch="False" />
                <line number="143" hits="27" branch="False" />
                <line number="144" hits="27" branch="False" />
                <line number="145" hits="27" branch="False" />
                <line number="146" hits="27" branch="False" />
                <line number="147" hits="27" branch="False" />
                <line number="148" hits="27" branch="False" />
                <line number="149" hits="27" branch="False" />
                <line number="150" hits="27" branch="False" />
                <line number="151" hits="27" branch="False" />
                <line number="152" hits="27" branch="False" />
                <line number="153" hits="27" branch="False" />
                <line number="154" hits="27" branch="False" />
                <line number="155" hits="27" branch="False" />
                <line number="156" hits="27" branch="False" />
                <line number="157" hits="27" branch="False" />
                <line number="158" hits="27" branch="False" />
                <line number="159" hits="27" branch="False" />
                <line number="160" hits="27" branch="False" />
                <line number="161" hits="27" branch="False" />
                <line number="162" hits="27" branch="False" />
                <line number="163" hits="27" branch="False" />
                <line number="164" hits="27" branch="False" />
                <line number="165" hits="27" branch="False" />
                <line number="166" hits="27" branch="False" />
                <line number="167" hits="27" branch="False" />
                <line number="168" hits="27" branch="False" />
                <line number="169" hits="27" branch="False" />
                <line number="170" hits="27" branch="False" />
                <line number="171" hits="27" branch="False" />
              </lines>
            </method>
            <method name="Destroy" signature="(DataBase.FitnessContext)" line-rate="1" branch-rate="1" complexity="1">
              <lines>
                <line number="174" hits="27" branch="False" />
                <line number="175" hits="27" branch="False" />
                <line number="176" hits="27" branch="False" />
                <line number="177" hits="27" branch="False" />
              </lines>
            </method>
            <method name=".cctor" signature="()" line-rate="1" branch-rate="1" complexity="1">
              <lines>
                <line number="13" hits="1" branch="False" />
                <line number="14" hits="1" branch="False" />
                <line number="16" hits="1" branch="False" />
                <line number="17" hits="1" branch="False" />
                <line number="19" hits="1" branch="False" />
                <line number="20" hits="1" branch="False" />
                <line number="22" hits="1" branch="False" />
                <line number="23" hits="1" branch="False" />
              </lines>
            </method>
          </methods>
          <lines>
            <line number="26" hits="27" branch="False" />
            <line number="27" hits="27" branch="False" />
            <line number="28" hits="27" branch="False" />
            <line number="29" hits="27" branch="False" />
            <line number="31" hits="27" branch="False" />
            <line number="32" hits="27" branch="False" />
            <line number="33" hits="27" branch="False" />
            <line number="34" hits="27" branch="False" />
            <line number="35" hits="27" branch="False" />
            <line number="36" hits="27" branch="False" />
            <line number="37" hits="27" branch="False" />
            <line number="38" hits="27" branch="False" />
            <line number="39" hits="27" branch="False" />
            <line number="40" hits="27" branch="False" />
            <line number="41" hits="27" branch="False" />
            <line number="42" hits="27" branch="False" />
            <line number="43" hits="27" branch="False" />
            <line number="44" hits="27" branch="False" />
            <line number="45" hits="27" branch="False" />
            <line number="46" hits="27" branch="False" />
            <line number="47" hits="27" branch="False" />
            <line number="48" hits="27" branch="False" />
            <line number="49" hits="27" branch="False" />
            <line number="50" hits="27" branch="False" />
            <line number="51" hits="27" branch="False" />
            <line number="52" hits="27" branch="False" />
            <line number="53" hits="27" branch="False" />
            <line number="54" hits="27" branch="False" />
            <line number="55" hits="27" branch="False" />
            <line number="56" hits="27" branch="False" />
            <line number="57" hits="27" branch="False" />
            <line number="58" hits="27" branch="False" />
            <line number="59" hits="27" branch="False" />
            <line number="60" hits="27" branch="False" />
            <line number="61" hits="27" branch="False" />
            <line number="62" hits="27" branch="False" />
            <line number="63" hits="27" branch="False" />
            <line number="64" hits="27" branch="False" />
            <line number="65" hits="27" branch="False" />
            <line number="66" hits="27" branch="False" />
            <line number="67" hits="27" branch="False" />
            <line number="68" hits="27" branch="False" />
            <line number="69" hits="27" branch="False" />
            <line number="70" hits="27" branch="False" />
            <line number="71" hits="27" branch="False" />
            <line number="72" hits="27" branch="False" />
            <line number="73" hits="27" branch="False" />
            <line number="74" hits="27" branch="False" />
            <line number="75" hits="27" branch="False" />
            <line number="76" hits="27" branch="False" />
            <line number="77" hits="27" branch="False" />
            <line number="78" hits="27" branch="False" />
            <line number="79" hits="27" branch="False" />
            <line number="80" hits="27" branch="False" />
            <line number="81" hits="27" branch="False" />
            <line number="82" hits="27" branch="False" />
            <line number="83" hits="27" branch="False" />
            <line number="84" hits="27" branch="False" />
            <line number="85" hits="27" branch="False" />
            <line number="86" hits="27" branch="False" />
            <line number="87" hits="27" branch="False" />
            <line number="88" hits="27" branch="False" />
            <line number="89" hits="27" branch="False" />
            <line number="90" hits="27" branch="False" />
            <line number="91" hits="27" branch="False" />
            <line number="92" hits="27" branch="False" />
            <line number="93" hits="27" branch="False" />
            <line number="94" hits="27" branch="False" />
            <line number="95" hits="27" branch="False" />
            <line number="96" hits="27" branch="False" />
            <line number="97" hits="27" branch="False" />
            <line number="98" hits="27" branch="False" />
            <line number="99" hits="27" branch="False" />
            <line number="100" hits="27" branch="False" />
            <line number="101" hits="27" branch="False" />
            <line number="102" hits="27" branch="False" />
            <line number="103" hits="27" branch="False" />
            <line number="104" hits="27" branch="False" />
            <line number="105" hits="27" branch="False" />
            <line number="106" hits="27" branch="False" />
            <line number="107" hits="27" branch="False" />
            <line number="108" hits="27" branch="False" />
            <line number="109" hits="27" branch="False" />
            <line number="110" hits="27" branch="False" />
            <line number="111" hits="27" branch="False" />
            <line number="112" hits="27" branch="False" />
            <line number="113" hits="27" branch="False" />
            <line number="114" hits="27" branch="False" />
            <line number="115" hits="27" branch="False" />
            <line number="116" hits="27" branch="False" />
            <line number="117" hits="27" branch="False" />
            <line number="118" hits="27" branch="False" />
            <line number="119" hits="27" branch="False" />
            <line number="120" hits="27" branch="False" />
            <line number="121" hits="27" branch="False" />
            <line number="122" hits="27" branch="False" />
            <line number="123" hits="27" branch="False" />
            <line number="124" hits="27" branch="False" />
            <line number="125" hits="27" branch="False" />
            <line number="126" hits="27" branch="False" />
            <line number="127" hits="27" branch="False" />
            <line number="128" hits="27" branch="False" />
            <line number="129" hits="27" branch="False" />
            <line number="130" hits="27" branch="False" />
            <line number="131" hits="27" branch="False" />
            <line number="132" hits="27" branch="False" />
            <line number="133" hits="27" branch="False" />
            <line number="134" hits="27" branch="False" />
            <line number="135" hits="27" branch="False" />
            <line number="136" hits="27" branch="False" />
            <line number="137" hits="27" branch="False" />
            <line number="138" hits="27" branch="False" />
            <line number="139" hits="27" branch="False" />
            <line number="140" hits="27" branch="False" />
            <line number="141" hits="27" branch="False" />
            <line number="142" hits="27" branch="False" />
            <line number="143" hits="27" branch="False" />
            <line number="144" hits="27" branch="False" />
            <line number="145" hits="27" branch="False" />
            <line number="146" hits="27" branch="False" />
            <line number="147" hits="27" branch="False" />
            <line number="148" hits="27" branch="False" />
            <line number="149" hits="27" branch="False" />
            <line number="150" hits="27" branch="False" />
            <line number="151" hits="27" branch="False" />
            <line number="152" hits="27" branch="False" />
            <line number="153" hits="27" branch="False" />
            <line number="154" hits="27" branch="False" />
            <line number="155" hits="27" branch="False" />
            <line number="156" hits="27" branch="False" />
            <line number="157" hits="27" branch="False" />
            <line number="158" hits="27" branch="False" />
            <line number="159" hits="27" branch="False" />
            <line number="160" hits="27" branch="False" />
            <line number="161" hits="27" branch="False" />
            <line number="162" hits="27" branch="False" />
            <line number="163" hits="27" branch="False" />
            <line number="164" hits="27" branch="False" />
            <line number="165" hits="27" branch="False" />
            <line number="166" hits="27" branch="False" />
            <line number="167" hits="27" branch="False" />
            <line number="168" hits="27" branch="False" />
            <line number="169" hits="27" branch="False" />
            <line number="170" hits="27" branch="False" />
            <line number="171" hits="27" branch="False" />
            <line number="174" hits="27" branch="False" />
            <line number="175" hits="27" branch="False" />
            <line number="176" hits="27" branch="False" />
            <line number="177" hits="27" branch="False" />
            <line number="13" hits="1" branch="False" />
            <line number="14" hits="1" branch="False" />
            <line number="16" hits="1" branch="False" />
            <line number="17" hits="1" branch="False" />
            <line number="19" hits="1" branch="False" />
            <line number="20" hits="1" branch="False" />
            <line number="22" hits="1" branch="False" />
            <line number="23" hits="1" branch="False" />
          </lines>
        </class>
        <class name="BLL.Tests.QueryTestFixture" filename="Desktop\lab4.6-4.7\BLL.Tests\Common\QueryTestFixture.cs" line-rate="1" branch-rate="1" complexity="2">
          <methods>
            <method name="Dispose" signature="()" line-rate="1" branch-rate="1" complexity="1">
              <lines>
                <line number="53" hits="1" branch="False" />
              </lines>
            </method>
            <method name=".ctor" signature="()" line-rate="1" branch-rate="1" complexity="1">
              <lines>
                <line number="27" hits="1" branch="False" />
                <line number="28" hits="1" branch="False" />
                <line number="29" hits="1" branch="False" />
                <line number="30" hits="1" branch="False" />
                <line number="31" hits="1" branch="False" />
                <line number="32" hits="1" branch="False" />
                <line number="33" hits="1" branch="False" />
                <line number="35" hits="1" branch="False" />
                <line number="36" hits="1" branch="False" />
                <line number="37" hits="2" branch="False" />
                <line number="38" hits="2" branch="False" />
                <line number="39" hits="2" branch="False" />
                <line number="40" hits="2" branch="False" />
                <line number="41" hits="2" branch="False" />
                <line number="42" hits="2" branch="False" />
                <line number="43" hits="2" branch="False" />
                <line number="44" hits="2" branch="False" />
                <line number="45" hits="2" branch="False" />
                <line number="46" hits="2" branch="False" />
                <line number="47" hits="2" branch="False" />
                <line number="48" hits="2" branch="False" />
                <line number="49" hits="2" branch="False" />
                <line number="50" hits="1" branch="False" />
                <line number="51" hits="1" branch="False" />
              </lines>
            </method>
          </methods>
          <lines>
            <line number="53" hits="1" branch="False" />
            <line number="27" hits="1" branch="False" />
            <line number="28" hits="1" branch="False" />
            <line number="29" hits="1" branch="False" />
            <line number="30" hits="1" branch="False" />
            <line number="31" hits="1" branch="False" />
            <line number="32" hits="1" branch="False" />
            <line number="33" hits="1" branch="False" />
            <line number="35" hits="1" branch="False" />
            <line number="36" hits="1" branch="False" />
            <line number="37" hits="2" branch="False" />
            <line number="38" hits="2" branch="False" />
            <line number="39" hits="2" branch="False" />
            <line number="40" hits="2" branch="False" />
            <line number="41" hits="2" branch="False" />
            <line number="42" hits="2" branch="False" />
            <line number="43" hits="2" branch="False" />
            <line number="44" hits="2" branch="False" />
            <line number="45" hits="2" branch="False" />
            <line number="46" hits="2" branch="False" />
            <line number="47" hits="2" branch="False" />
            <line number="48" hits="2" branch="False" />
            <line number="49" hits="2" branch="False" />
            <line number="50" hits="1" branch="False" />
            <line number="51" hits="1" branch="False" />
          </lines>
        </class>
        <class name="BLL.Tests.TestCommandBase" filename="Desktop\lab4.6-4.7\BLL.Tests\Common\TestCommandBase.cs" line-rate="1" branch-rate="1" complexity="2">
          <methods>
            <method name="Dispose" signature="()" line-rate="1" branch-rate="1" complexity="1">
              <lines>
                <line number="31" hits="26" branch="False" />
              </lines>
            </method>
            <method name=".ctor" signature="()" line-rate="1" branch-rate="1" complexity="1">
              <lines>
                <line number="21" hits="26" branch="False" />
                <line number="22" hits="26" branch="False" />
                <line number="23" hits="26" branch="False" />
                <line number="24" hits="26" branch="False" />
                <line number="25" hits="26" branch="False" />
                <line number="26" hits="26" branch="False" />
                <line number="27" hits="26" branch="False" />
                <line number="28" hits="26" branch="False" />
                <line number="29" hits="26" branch="False" />
              </lines>
            </method>
          </methods>
          <lines>
            <line number="31" hits="26" branch="False" />
            <line number="21" hits="26" branch="False" />
            <line number="22" hits="26" branch="False" />
            <line number="23" hits="26" branch="False" />
            <line number="24" hits="26" branch="False" />
            <line number="25" hits="26" branch="False" />
            <line number="26" hits="26" branch="False" />
            <line number="27" hits="26" branch="False" />
            <line number="28" hits="26" branch="False" />
            <line number="29" hits="26" branch="False" />
          </lines>
        </class>
        <class name="BLL.Tests.AddUserCommandHandlerTests/&lt;AddUserCommandHandler_Success&gt;d__0" filename="Desktop\lab4.6-4.7\BLL.Tests\User\Commands\AddUserCommandHandlerTests.cs" line-rate="1" branch-rate="1" complexity="1">
          <methods>
            <method name="MoveNext" signature="()" line-rate="1" branch-rate="1" complexity="1">
              <lines>
                <line number="14" hits="1" branch="False" />
                <line number="16" hits="1" branch="False" />
                <line number="17" hits="1" branch="False" />
                <line number="18" hits="1" branch="False" />
                <line number="19" hits="1" branch="False" />
                <line number="20" hits="1" branch="False" />
                <line number="23" hits="1" branch="False" />
                <line number="24" hits="1" branch="False" />
                <line number="25" hits="1" branch="False" />
                <line number="26" hits="1" branch="False" />
                <line number="27" hits="1" branch="False" />
                <line number="28" hits="1" branch="False" />
                <line number="29" hits="1" branch="False" />
                <line number="30" hits="1" branch="False" />
                <line number="33" hits="1" branch="False" />
                <line number="34" hits="1" branch="False" />
                <line number="35" hits="1" branch="False" />
                <line number="36" hits="1" branch="False" />
                <line number="37" hits="1" branch="False" />
              </lines>
            </method>
          </methods>
          <lines>
            <line number="14" hits="1" branch="False" />
            <line number="16" hits="1" branch="False" />
            <line number="17" hits="1" branch="False" />
            <line number="18" hits="1" branch="False" />
            <line number="19" hits="1" branch="False" />
            <line number="20" hits="1" branch="False" />
            <line number="23" hits="1" branch="False" />
            <line number="24" hits="1" branch="False" />
            <line number="25" hits="1" branch="False" />
            <line number="26" hits="1" branch="False" />
            <line number="27" hits="1" branch="False" />
            <line number="28" hits="1" branch="False" />
            <line number="29" hits="1" branch="False" />
            <line number="30" hits="1" branch="False" />
            <line number="33" hits="1" branch="False" />
            <line number="34" hits="1" branch="False" />
            <line number="35" hits="1" branch="False" />
            <line number="36" hits="1" branch="False" />
            <line number="37" hits="1" branch="False" />
          </lines>
        </class>
        <class name="BLL.Tests.AddUserCommandHandlerTests/&lt;&gt;c__DisplayClass1_0/&lt;&lt;AddUserCommandHandler_FailedOnClubPassId&gt;b__0&gt;d" filename="Desktop\lab4.6-4.7\BLL.Tests\User\Commands\AddUserCommandHandlerTests.cs" line-rate="1" branch-rate="1" complexity="1">
          <methods>
            <method name="MoveNext" signature="()" line-rate="1" branch-rate="1" complexity="1">
              <lines>
                <line number="50" hits="2" branch="False" />
                <line number="51" hits="2" branch="False" />
              </lines>
            </method>
          </methods>
          <lines>
            <line number="50" hits="2" branch="False" />
            <line number="51" hits="2" branch="False" />
          </lines>
        </class>
        <class name="BLL.Tests.AddUserCommandHandlerTests/&lt;AddUserCommandHandler_FailedOnClubPassId&gt;d__1" filename="Desktop\lab4.6-4.7\BLL.Tests\User\Commands\AddUserCommandHandlerTests.cs" line-rate="0.8" branch-rate="1" complexity="1">
          <methods>
            <method name="MoveNext" signature="()" line-rate="0.8" branch-rate="1" complexity="1">
              <lines>
                <line number="42" hits="1" branch="False" />
                <line number="44" hits="1" branch="False" />
                <line number="45" hits="1" branch="False" />
                <line number="49" hits="1" branch="False" />
                <line number="52" hits="0" branch="False" />
              </lines>
            </method>
          </methods>
          <lines>
            <line number="42" hits="1" branch="False" />
            <line number="44" hits="1" branch="False" />
            <line number="45" hits="1" branch="False" />
            <line number="49" hits="1" branch="False" />
            <line number="52" hits="0" branch="False" />
          </lines>
        </class>
        <class name="BLL.Tests.AddUserCommandHandlerTests/&lt;&gt;c__DisplayClass2_0/&lt;&lt;AddUserCommandHandler_FailedOnWorkoutId&gt;b__0&gt;d" filename="Desktop\lab4.6-4.7\BLL.Tests\User\Commands\AddUserCommandHandlerTests.cs" line-rate="1" branch-rate="1" complexity="1">
          <methods>
            <method name="MoveNext" signature="()" line-rate="1" branch-rate="1" complexity="1">
              <lines>
                <line number="64" hits="2" branch="False" />
                <line number="65" hits="2" branch="False" />
              </lines>
            </method>
          </methods>
          <lines>
            <line number="64" hits="2" branch="False" />
            <line number="65" hits="2" branch="False" />
          </lines>
        </class>
        <class name="BLL.Tests.AddUserCommandHandlerTests/&lt;AddUserCommandHandler_FailedOnWorkoutId&gt;d__2" filename="Desktop\lab4.6-4.7\BLL.Tests\User\Commands\AddUserCommandHandlerTests.cs" line-rate="0.8" branch-rate="1" complexity="1">
          <methods>
            <method name="MoveNext" signature="()" line-rate="0.8" branch-rate="1" complexity="1">
              <lines>
                <line number="56" hits="1" branch="False" />
                <line number="58" hits="1" branch="False" />
                <line number="59" hits="1" branch="False" />
                <line number="63" hits="1" branch="False" />
                <line number="66" hits="0" branch="False" />
              </lines>
            </method>
          </methods>
          <lines>
            <line number="56" hits="1" branch="False" />
            <line number="58" hits="1" branch="False" />
            <line number="59" hits="1" branch="False" />
            <line number="63" hits="1" branch="False" />
            <line number="66" hits="0" branch="False" />
          </lines>
        </class>
        <class name="BLL.Tests.RemoveUserCommandHandlerTests/&lt;RemoveUserCommandHandler_Success&gt;d__0" filename="Desktop\lab4.6-4.7\BLL.Tests\User\Commands\RemoveUserCommandHandlerTests.cs" line-rate="1" branch-rate="1" complexity="1">
          <methods>
            <method name="MoveNext" signature="()" line-rate="1" branch-rate="1" complexity="1">
              <lines>
                <line number="14" hits="1" branch="False" />
                <line number="16" hits="1" branch="False" />
                <line number="19" hits="1" branch="False" />
                <line number="20" hits="1" branch="False" />
                <line number="21" hits="1" branch="False" />
                <line number="22" hits="1" branch="False" />
                <line number="25" hits="1" branch="False" />
                <line number="26" hits="1" branch="False" />
                <line number="27" hits="1" branch="False" />
              </lines>
            </method>
          </methods>
          <lines>
            <line number="14" hits="1" branch="False" />
            <line number="16" hits="1" branch="False" />
            <line number="19" hits="1" branch="False" />
            <line number="20" hits="1" branch="False" />
            <line number="21" hits="1" branch="False" />
            <line number="22" hits="1" branch="False" />
            <line number="25" hits="1" branch="False" />
            <line number="26" hits="1" branch="False" />
            <line number="27" hits="1" branch="False" />
          </lines>
        </class>
        <class name="BLL.Tests.RemoveUserCommandHandlerTests/&lt;&gt;c__DisplayClass1_0/&lt;&lt;RemoveUserCommandHandler_FailedOnWrongId&gt;b__0&gt;d" filename="Desktop\lab4.6-4.7\BLL.Tests\User\Commands\RemoveUserCommandHandlerTests.cs" line-rate="1" branch-rate="1" complexity="1">
          <methods>
            <method name="MoveNext" signature="()" line-rate="1" branch-rate="1" complexity="1">
              <lines>
                <line number="38" hits="2" branch="False" />
                <line number="39" hits="2" branch="False" />
              </lines>
            </method>
          </methods>
          <lines>
            <line number="38" hits="2" branch="False" />
            <line number="39" hits="2" branch="False" />
          </lines>
        </class>
        <class name="BLL.Tests.RemoveUserCommandHandlerTests/&lt;RemoveUserCommandHandler_FailedOnWrongId&gt;d__1" filename="Desktop\lab4.6-4.7\BLL.Tests\User\Commands\RemoveUserCommandHandlerTests.cs" line-rate="1" branch-rate="1" complexity="1">
          <methods>
            <method name="MoveNext" signature="()" line-rate="1" branch-rate="1" complexity="1">
              <lines>
                <line number="31" hits="1" branch="False" />
                <line number="33" hits="1" branch="False" />
                <line number="37" hits="1" branch="False" />
                <line number="40" hits="1" branch="False" />
              </lines>
            </method>
          </methods>
          <lines>
            <line number="31" hits="1" branch="False" />
            <line number="33" hits="1" branch="False" />
            <line number="37" hits="1" branch="False" />
            <line number="40" hits="1" branch="False" />
          </lines>
        </class>
        <class name="BLL.Tests.UpdateUserCommandHandlerTests/&lt;UpdateUserCommandHandler_Success&gt;d__0" filename="Desktop\lab4.6-4.7\BLL.Tests\User\Commands\UpdateUserCommandHandlerTests.cs" line-rate="1" branch-rate="1" complexity="1">
          <methods>
            <method name="MoveNext" signature="()" line-rate="1" branch-rate="1" complexity="1">
              <lines>
                <line number="14" hits="1" branch="False" />
                <line number="16" hits="1" branch="False" />
                <line number="17" hits="1" branch="False" />
                <line number="18" hits="1" branch="False" />
                <line number="22" hits="1" branch="False" />
                <line number="23" hits="1" branch="False" />
                <line number="24" hits="1" branch="False" />
                <line number="25" hits="1" branch="False" />
                <line number="26" hits="1" branch="False" />
                <line number="27" hits="1" branch="False" />
                <line number="28" hits="1" branch="False" />
                <line number="29" hits="1" branch="False" />
                <line number="32" hits="1" branch="False" />
                <line number="33" hits="1" branch="False" />
                <line number="34" hits="1" branch="False" />
                <line number="35" hits="1" branch="False" />
              </lines>
            </method>
          </methods>
          <lines>
            <line number="14" hits="1" branch="False" />
            <line number="16" hits="1" branch="False" />
            <line number="17" hits="1" branch="False" />
            <line number="18" hits="1" branch="False" />
            <line number="22" hits="1" branch="False" />
            <line number="23" hits="1" branch="False" />
            <line number="24" hits="1" branch="False" />
            <line number="25" hits="1" branch="False" />
            <line number="26" hits="1" branch="False" />
            <line number="27" hits="1" branch="False" />
            <line number="28" hits="1" branch="False" />
            <line number="29" hits="1" branch="False" />
            <line number="32" hits="1" branch="False" />
            <line number="33" hits="1" branch="False" />
            <line number="34" hits="1" branch="False" />
            <line number="35" hits="1" branch="False" />
          </lines>
        </class>
        <class name="BLL.Tests.UpdateUserCommandHandlerTests/&lt;&gt;c__DisplayClass1_0/&lt;&lt;UpdateUserCommandHandler_FailOnWrongId&gt;b__0&gt;d" filename="Desktop\lab4.6-4.7\BLL.Tests\User\Commands\UpdateUserCommandHandlerTests.cs" line-rate="1" branch-rate="1" complexity="1">
          <methods>
            <method name="MoveNext" signature="()" line-rate="1" branch-rate="1" complexity="1">
              <lines>
                <line number="46" hits="2" branch="False" />
                <line number="47" hits="2" branch="False" />
                <line number="48" hits="2" branch="False" />
                <line number="49" hits="2" branch="False" />
                <line number="50" hits="2" branch="False" />
                <line number="51" hits="2" branch="False" />
              </lines>
            </method>
          </methods>
          <lines>
            <line number="46" hits="2" branch="False" />
            <line number="47" hits="2" branch="False" />
            <line number="48" hits="2" branch="False" />
            <line number="49" hits="2" branch="False" />
            <line number="50" hits="2" branch="False" />
            <line number="51" hits="2" branch="False" />
          </lines>
        </class>
        <class name="BLL.Tests.UpdateUserCommandHandlerTests/&lt;UpdateUserCommandHandler_FailOnWrongId&gt;d__1" filename="Desktop\lab4.6-4.7\BLL.Tests\User\Commands\UpdateUserCommandHandlerTests.cs" line-rate="1" branch-rate="1" complexity="1">
          <methods>
            <method name="MoveNext" signature="()" line-rate="1" branch-rate="1" complexity="1">
              <lines>
                <line number="39" hits="1" branch="False" />
                <line number="41" hits="1" branch="False" />
                <line number="45" hits="1" branch="False" />
                <line number="52" hits="1" branch="False" />
              </lines>
            </method>
          </methods>
          <lines>
            <line number="39" hits="1" branch="False" />
            <line number="41" hits="1" branch="False" />
            <line number="45" hits="1" branch="False" />
            <line number="52" hits="1" branch="False" />
          </lines>
        </class>
        <class name="BLL.Tests.UpdateUserCommandHandlerTests/&lt;&gt;c__DisplayClass2_0/&lt;&lt;UpdateUserCommandHandler_FailOnWrongClubPassId&gt;b__0&gt;d" filename="Desktop\lab4.6-4.7\BLL.Tests\User\Commands\UpdateUserCommandHandlerTests.cs" line-rate="1" branch-rate="1" complexity="1">
          <methods>
            <method name="MoveNext" signature="()" line-rate="1" branch-rate="1" complexity="1">
              <lines>
                <line number="63" hits="2" branch="False" />
                <line number="64" hits="2" branch="False" />
                <line number="65" hits="2" branch="False" />
                <line number="66" hits="2" branch="False" />
                <line number="67" hits="2" branch="False" />
                <line number="68" hits="2" branch="False" />
              </lines>
            </method>
          </methods>
          <lines>
            <line number="63" hits="2" branch="False" />
            <line number="64" hits="2" branch="False" />
            <line number="65" hits="2" branch="False" />
            <line number="66" hits="2" branch="False" />
            <line number="67" hits="2" branch="False" />
            <line number="68" hits="2" branch="False" />
          </lines>
        </class>
        <class name="BLL.Tests.UpdateUserCommandHandlerTests/&lt;UpdateUserCommandHandler_FailOnWrongClubPassId&gt;d__2" filename="Desktop\lab4.6-4.7\BLL.Tests\User\Commands\UpdateUserCommandHandlerTests.cs" line-rate="1" branch-rate="1" complexity="1">
          <methods>
            <method name="MoveNext" signature="()" line-rate="1" branch-rate="1" complexity="1">
              <lines>
                <line number="56" hits="1" branch="False" />
                <line number="58" hits="1" branch="False" />
                <line number="62" hits="1" branch="False" />
                <line number="69" hits="1" branch="False" />
              </lines>
            </method>
          </methods>
          <lines>
            <line number="56" hits="1" branch="False" />
            <line number="58" hits="1" branch="False" />
            <line number="62" hits="1" branch="False" />
            <line number="69" hits="1" branch="False" />
          </lines>
        </class>
        <class name="BLL.Tests.UpdateUserCommandHandlerTests/&lt;&gt;c__DisplayClass3_0/&lt;&lt;UpdateUserCommandHandler_FailOnWrongWorkoutId&gt;b__0&gt;d" filename="Desktop\lab4.6-4.7\BLL.Tests\User\Commands\UpdateUserCommandHandlerTests.cs" line-rate="1" branch-rate="1" complexity="1">
          <methods>
            <method name="MoveNext" signature="()" line-rate="1" branch-rate="1" complexity="1">
              <lines>
                <line number="79" hits="2" branch="False" />
                <line number="80" hits="2" branch="False" />
                <line number="81" hits="2" branch="False" />
                <line number="82" hits="2" branch="False" />
                <line number="83" hits="2" branch="False" />
                <line number="84" hits="2" branch="False" />
              </lines>
            </method>
          </methods>
          <lines>
            <line number="79" hits="2" branch="False" />
            <line number="80" hits="2" branch="False" />
            <line number="81" hits="2" branch="False" />
            <line number="82" hits="2" branch="False" />
            <line number="83" hits="2" branch="False" />
            <line number="84" hits="2" branch="False" />
          </lines>
        </class>
        <class name="BLL.Tests.UpdateUserCommandHandlerTests/&lt;UpdateUserCommandHandler_FailOnWrongWorkoutId&gt;d__3" filename="Desktop\lab4.6-4.7\BLL.Tests\User\Commands\UpdateUserCommandHandlerTests.cs" line-rate="1" branch-rate="1" complexity="1">
          <methods>
            <method name="MoveNext" signature="()" line-rate="1" branch-rate="1" complexity="1">
              <lines>
                <line number="72" hits="1" branch="False" />
                <line number="74" hits="1" branch="False" />
                <line number="78" hits="1" branch="False" />
                <line number="85" hits="1" branch="False" />
              </lines>
            </method>
          </methods>
          <lines>
            <line number="72" hits="1" branch="False" />
            <line number="74" hits="1" branch="False" />
            <line number="78" hits="1" branch="False" />
            <line number="85" hits="1" branch="False" />
          </lines>
        </class>
        <class name="BLL.Tests.GetUserListQueryHandlerTests" filename="Desktop\lab4.6-4.7\BLL.Tests\User\Queries\GetUserListQueryHandlerTests.cs" line-rate="1" branch-rate="1" complexity="1">
          <methods>
            <method name=".ctor" signature="(BLL.Tests.QueryTestFixture)" line-rate="1" branch-rate="1" complexity="1">
              <lines>
                <line number="24" hits="1" branch="False" />
                <line number="25" hits="1" branch="False" />
              </lines>
            </method>
          </methods>
          <lines>
            <line number="24" hits="1" branch="False" />
            <line number="25" hits="1" branch="False" />
          </lines>
        </class>
        <class name="BLL.Tests.GetUserListQueryHandlerTests/&lt;GetUserListQueryHandler_Success&gt;d__3" filename="Desktop\lab4.6-4.7\BLL.Tests\User\Queries\GetUserListQueryHandlerTests.cs" line-rate="1" branch-rate="1" complexity="1">
          <methods>
[...]
            <method name="get_Clubs" signature="()" line-rate="1" branch-rate="1" complexity="1">
              <lines>
                <line number="15" hits="40" branch="False" />
              </lines>
            </method>
            <method name="get_ClubPasses" signature="()" line-rate="1" branch-rate="1" complexity="1">
              <lines>
                <line number="16" hits="42" branch="False" />
              </lines>
            </method>
            <method name="get_Users" signature="()" line-rate="1" branch-rate="1" complexity="1">
              <lines>
                <line number="17" hits="38" branch="False" />
              </lines>
            </method>
            <method name="get_Workouts" signature="()" line-rate="1" branch-rate="1" complexity="1">
              <lines>
                <line number="18" hits="39" branch="False" />
              </lines>
            </method>
            <method name="Dispose" signature="(System.Boolean)" line-rate="0" branch-rate="0" complexity="4">
              <lines>
                <line number="30" hits="0" branch="False" />
                <line number="31" hits="0" branch="True" condition-coverage="0% (0/2)">
                  <conditions>
                    <condition number="12" type="jump" coverage="0%" />
                  </conditions>
                </line>
                <line number="32" hits="0" branch="False" />
                <line number="33" hits="0" branch="True" condition-coverage="0% (0/2)">
                  <conditions>
                    <condition number="18" type="jump" coverage="0%" />
                  </conditions>
                </line>
                <line number="34" hits="0" branch="False" />
                <line number="35" hits="0" branch="False" />
                <line number="36" hits="0" branch="False" />
                <line number="37" hits="0" branch="False" />
                <line number="38" hits="0" branch="False" />
                <line number="39" hits="0" branch="False" />
              </lines>
            </method>
            <method name="Dispose" signature="()" line-rate="0" branch-rate="1" complexity="1">
              <lines>
                <line number="41" hits="0" branch="False" />
                <line number="42" hits="0" branch="False" />
                <line number="43" hits="0" branch="False" />
                <line number="44" hits="0" branch="False" />
              </lines>
            </method>
            <method name=".ctor" signature="(DataBase.FitnessContext,Repository.IGenericRepository`1&lt;DataBase.Club&gt;,Repository.IGenericRepository`1&lt;DataBase.ClubPass&gt;,Repository.IGenericRepository`1&lt;DataBase.User&gt;,Repository.IGenericRepository`1&lt;DataBase.Workout&gt;)" line-rate="1" branch-rate="1" complexity="1">
              <lines>
                <line number="20" hits="27" branch="False" />
                <line number="21" hits="27" branch="False" />
                <line number="22" hits="27" branch="False" />
                <line number="23" hits="27" branch="False" />
                <line number="24" hits="27" branch="False" />
                <line number="25" hits="27" branch="False" />
                <line number="26" hits="27" branch="False" />
                <line number="27" hits="27" branch="False" />
                <line number="28" hits="27" branch="False" />
              </lines>
            </method>
          </methods>
          <lines>
            <line number="15" hits="40" branch="False" />
            <line number="16" hits="42" branch="False" />
            <line number="17" hits="38" branch="False" />
            <line number="18" hits="39" branch="False" />
            <line number="30" hits="0" branch="False" />
            <line number="31" hits="0" branch="True" condition-coverage="0% (0/2)">
              <conditions>
                <condition number="12" type="jump" coverage="0%" />
              </conditions>
            </line>
            <line number="32" hits="0" branch="False" />
            <line number="33" hits="0" branch="True" condition-coverage="0% (0/2)">
              <conditions>
                <condition number="18" type="jump" coverage="0%" />
              </conditions>
            </line>
            <line number="34" hits="0" branch="False" />
            <line number="35" hits="0" branch="False" />
            <line number="36" hits="0" branch="False" />
            <line number="37" hits="0" branch="False" />
            <line number="38" hits="0" branch="False" />
            <line number="39" hits="0" branch="False" />
            <line number="41" hits="0" branch="False" />
            <line number="42" hits="0" branch="False" />
            <line number="43" hits="0" branch="False" />
            <line number="44" hits="0" branch="False" />
            <line number="20" hits="27" branch="False" />
            <line number="21" hits="27" branch="False" />
            <line number="22" hits="27" branch="False" />
            <line number="23" hits="27" branch="False" />
            <line number="24" hits="27" branch="False" />
            <line number="25" hits="27" branch="False" />
            <line number="26" hits="27" branch="False" />
            <line number="27" hits="27" branch="False" />
            <line number="28" hits="27" branch="False" />
          </lines>
        </class>
        <class name="UoW.UnitOfWork/&lt;SaveAsync&gt;d__21" filename="Desktop\lab4.6-4.7\UoW\Repositories\UnitOfWork.cs" line-rate="1" branch-rate="1" complexity="1">
          <methods>
            <method name="MoveNext" signature="()" line-rate="1" branch-rate="1" complexity="1">
              <lines>
                <line number="47" hits="14" branch="False" />
                <line number="48" hits="14" branch="False" />
                <line number="49" hits="14" branch="False" />
              </lines>
            </method>
          </methods>
          <lines>
            <line number="47" hits="14" branch="False" />
            <line number="48" hits="14" branch="False" />
            <line number="49" hits="14" branch="False" />
          </lines>
        </class>
      </classes>
    </package>
    <package name="ViewModels" line-rate="0.4035" branch-rate="0" complexity="31">
      <classes>
        <class name="ViewModels.ClubModel" filename="Desktop\lab4.6-4.7\ViewModels\Models\ClubModel.cs" line-rate="0.46149999999999997" branch-rate="1" complexity="7">
          <methods>
            <method name="get_Id" signature="()" line-rate="1" branch-rate="1" complexity="1">
              <lines>
                <line number="9" hits="5" branch="False" />
              </lines>
            </method>
            <method name="get_Name" signature="()" line-rate="1" branch-rate="1" complexity="1">
              <lines>
                <line number="10" hits="6" branch="False" />
              </lines>
            </method>
            <method name="get_City" signature="()" line-rate="1" branch-rate="1" complexity="1">
              <lines>
                <line number="11" hits="6" branch="False" />
              </lines>
            </method>
            <method name="get_Address" signature="()" line-rate="1" branch-rate="1" complexity="1">
              <lines>
                <line number="12" hits="6" branch="False" />
              </lines>
            </method>
            <method name="get_ClubPasses" signature="()" line-rate="1" branch-rate="1" complexity="1">
              <lines>
                <line number="13" hits="5" branch="False" />
              </lines>
            </method>
            <method name="get_Workouts" signature="()" line-rate="1" branch-rate="1" complexity="1">
              <lines>
                <line number="14" hits="5" branch="False" />
              </lines>
            </method>
            <method name="ToString" signature="()" line-rate="0" branch-rate="1" complexity="1">
              <lines>
                <line number="17" hits="0" branch="False" />
                <line number="18" hits="0" branch="False" />
                <line number="19" hits="0" branch="False" />
                <line number="20" hits="0" branch="False" />
                <line number="21" hits="0" branch="False" />
                <line number="22" hits="0" branch="False" />
                <line number="23" hits="0" branch="False" />
              </lines>
            </method>
          </methods>
          <lines>
            <line number="9" hits="5" branch="False" />
            <line number="10" hits="6" branch="False" />
            <line number="11" hits="6" branch="False" />
            <line number="12" hits="6" branch="False" />
            <line number="13" hits="5" branch="False" />
            <line number="14" hits="5" branch="False" />
            <line number="17" hits="0" branch="False" />
            <line number="18" hits="0" branch="False" />
            <line number="19" hits="0" branch="False" />
            <line number="20" hits="0" branch="False" />
            <line number="21" hits="0" branch="False" />
            <line number="22" hits="0" branch="False" />
            <line number="23" hits="0" branch="False" />
          </lines>
        </class>
        <class name="ViewModels.ClubPassModel" filename="Desktop\lab4.6-4.7\ViewModels\Models\ClubPassModel.cs" line-rate="0.5" branch-rate="1" complexity="7">
          <methods>
            <method name="get_Id" signature="()" line-rate="1" branch-rate="1" complexity="1">
              <lines>
                <line number="9" hits="14" branch="False" />
              </lines>
            </method>
            <method name="get_ClubId" signature="()" line-rate="1" branch-rate="1" complexity="1">
              <lines>
                <line number="10" hits="15" branch="False" />
              </lines>
            </method>
            <method name="get_Name" signature="()" line-rate="1" branch-rate="1" complexity="1">
              <lines>
                <line number="11" hits="15" branch="False" />
              </lines>
            </method>
            <method name="get_Price" signature="()" line-rate="1" branch-rate="1" complexity="1">
              <lines>
                <line number="12" hits="15" branch="False" />
              </lines>
            </method>
            <method name="get_IsNet" signature="()" line-rate="1" branch-rate="1" complexity="1">
              <lines>
                <line number="13" hits="15" branch="False" />
              </lines>
            </method>
            <method name="get_AvailableNumberOfVisits" signature="()" line-rate="1" branch-rate="1" complexity="1">
              <lines>
                <line number="14" hits="15" branch="False" />
              </lines>
            </method>
            <method name="ToString" signature="()" line-rate="0" branch-rate="1" complexity="1">
              <lines>
                <line number="19" hits="0" branch="False" />
                <line number="20" hits="0" branch="False" />
                <line number="21" hits="0" branch="False" />
                <line number="22" hits="0" branch="False" />
                <line number="23" hits="0" branch="False" />
                <line number="24" hits="0" branch="False" />
              </lines>
            </method>
          </methods>
          <lines>
            <line number="9" hits="14" branch="False" />
            <line number="10" hits="15" branch="False" />
            <line number="11" hits="15" branch="False" />
            <line number="12" hits="15" branch="False" />
            <line number="13" hits="15" branch="False" />
            <line number="14" hits="15" branch="False" />
            <line number="19" hits="0" branch="False" />
            <line number="20" hits="0" branch="False" />
            <line number="21" hits="0" branch="False" />
            <line number="22" hits="0" branch="False" />
            <line number="23" hits="0" branch="False" />
            <line number="24" hits="0" branch="False" />
          </lines>
        </class>
        <class name="ViewModels.UserModel" filename="Desktop\lab4.6-4.7\ViewModels\Models\UserModel.cs" line-rate="0.5" branch-rate="1" complexity="7">
          <methods>
            <method name="get_Id" signature="()" line-rate="1" branch-rate="1" complexity="1">
              <lines>
                <line number="9" hits="5" branch="False" />
              </lines>
            </method>
            <method name="get_FirstName" signature="()" line-rate="1" branch-rate="1" complexity="1">
              <lines>
                <line number="10" hits="6" branch="False" />
              </lines>
            </method>
            <method name="get_LastName" signature="()" line-rate="1" branch-rate="1" complexity="1">
              <lines>
                <line number="11" hits="6" branch="False" />
              </lines>
            </method>
            <method name="get_AvailableNumberOfVisitsByClubPass" signature="()" line-rate="1" branch-rate="1" complexity="1">
              <lines>
                <line number="12" hits="5" branch="False" />
              </lines>
            </method>
            <method name="get_ClubPass" signature="()" line-rate="1" branch-rate="1" complexity="1">
              <lines>
                <line number="13" hits="5" branch="False" />
              </lines>
            </method>
            <method name="get_Workout" signature="()" line-rate="1" branch-rate="1" complexity="1">
              <lines>
                <line number="14" hits="5" branch="False" />
              </lines>
            </method>
            <method name="ToString" signature="()" line-rate="0" branch-rate="1" complexity="1">
              <lines>
                <line number="17" hits="0" branch="False" />
                <line number="18" hits="0" branch="False" />
                <line number="19" hits="0" branch="False" />
                <line number="20" hits="0" branch="False" />
                <line number="21" hits="0" branch="False" />
                <line number="23" hits="0" branch="False" />
              </lines>
            </method>
          </methods>
          <lines>
            <line number="9" hits="5" branch="False" />
            <line number="10" hits="6" branch="False" />
            <line number="11" hits="6" branch="False" />
            <line number="12" hits="5" branch="False" />
            <line number="13" hits="5" branch="False" />
            <line number="14" hits="5" branch="False" />
            <line number="17" hits="0" branch="False" />
            <line number="18" hits="0" branch="False" />
            <line number="19" hits="0" branch="False" />
            <line number="20" hits="0" branch="False" />
            <line number="21" hits="0" branch="False" />
            <line number="23" hits="0" branch="False" />
          </lines>
        </class>
        <class name="ViewModels.WorkoutModel" filename="Desktop\lab4.6-4.7\ViewModels\Models\WorkoutModel.cs" line-rate="0.5" branch-rate="1" complexity="6">
          <methods>
            <method name="get_Id" signature="()" line-rate="1" branch-rate="1" complexity="1">
              <lines>
                <line number="9" hits="14" branch="False" />
              </lines>
            </method>
            <method name="get_Type" signature="()" line-rate="1" branch-rate="1" complexity="1">
              <lines>
                <line number="10" hits="15" branch="False" />
              </lines>
            </method>
            <method name="get_Time" signature="()" line-rate="1" branch-rate="1" complexity="1">
              <lines>
                <line number="11" hits="15" branch="False" />
              </lines>
            </method>
            <method name="get_Price" signature="()" line-rate="1" branch-rate="1" complexity="1">
              <lines>
                <line number="12" hits="15" branch="False" />
              </lines>
            </method>
            <method name="get_ClubId" signature="()" line-rate="1" branch-rate="1" complexity="1">
              <lines>
                <line number="13" hits="15" branch="False" />
              </lines>
            </method>
            <method name="ToString" signature="()" line-rate="0" branch-rate="1" complexity="1">
              <lines>
                <line number="18" hits="0" branch="False" />
                <line number="19" hits="0" branch="False" />
                <line number="20" hits="0" branch="False" />
                <line number="21" hits="0" branch="False" />
                <line number="22" hits="0" branch="False" />
              </lines>
            </method>
          </methods>
          <lines>
            <line number="9" hits="14" branch="False" />
            <line number="10" hits="15" branch="False" />
            <line number="11" hits="15" branch="False" />
            <line number="12" hits="15" branch="False" />
            <line number="13" hits="15" branch="False" />
            <line number="18" hits="0" branch="False" />
            <line number="19" hits="0" branch="False" />
            <line number="20" hits="0" branch="False" />
            <line number="21" hits="0" branch="False" />
            <line number="22" hits="0" branch="False" />
          </lines>
        </class>
        <class name="ViewModels.ObservableObject" filename="Desktop\lab4.6-4.7\ViewModels\Observing\ObservableObject.cs" line-rate="0" branch-rate="0" complexity="4">
          <methods>
            <method name="OnPropertyChanged" signature="(System.String)" line-rate="0" branch-rate="0" complexity="2">
              <lines>
                <line number="14" hits="0" branch="False" />
                <line number="15" hits="0" branch="True" condition-coverage="0% (0/2)">
                  <conditions>
                    <condition number="8" type="jump" coverage="0%" />
                  </conditions>
                </line>
                <line number="16" hits="0" branch="False" />
              </lines>
            </method>
            <method name="OnPropertyChanged" signature="(T&amp;,T,System.String)" line-rate="0" branch-rate="0" complexity="2">
              <lines>
                <line number="19" hits="0" branch="False" />
                <line number="20" hits="0" branch="True" condition-coverage="0% (0/2)">
                  <conditions>
                    <condition number="20" type="jump" coverage="0%" />
                  </conditions>
                </line>
                <line number="21" hits="0" branch="False" />
                <line number="23" hits="0" branch="False" />
                <line number="24" hits="0" branch="False" />
                <line number="25" hits="0" branch="False" />
                <line number="26" hits="0" branch="False" />
              </lines>
            </method>
          </methods>
          <lines>
            <line number="14" hits="0" branch="False" />
            <line number="15" hits="0" branch="True" condition-coverage="0% (0/2)">
              <conditions>
                <condition number="8" type="jump" coverage="0%" />
              </conditions>
            </line>
            <line number="16" hits="0" branch="False" />
            <line number="19" hits="0" branch="False" />
            <line number="20" hits="0" branch="True" condition-coverage="0% (0/2)">
              <conditions>
                <condition number="20" type="jump" coverage="0%" />
              </conditions>
            </line>
            <line number="21" hits="0" branch="False" />
            <line number="23" hits="0" branch="False" />
            <line number="24" hits="0" branch="False" />
            <line number="25" hits="0" branch="False" />
            <line number="26" hits="0" branch="False" />
          </lines>
        </class>
      </classes>
    </package>
  </packages>
</coverage>