<?xml version="1.0" encoding="utf-8"?>
<!DOCTYPE coverage SYSTEM "http://cobertura.sourceforge.net/xml/coverage-04.dtd">
<coverage line-rate="0.7583333333333333" branch-rate="0.5775862068965517" lines-covered="1001" lines-valid="1320" branches-covered="67" branches-valid="116" complexity="403" version="0" timestamp="1653405408">
  <sources>
    <source>C:\Users\user\</source>
  </sources>
  <packages>
    <package name="BLL.Tests" line-rate="0.9947089947089947" branch-rate="1" complexity="72">
      <classes>
        <class name="AutoGeneratedProgram" filename="C:\Users\user\.nuget\packages\microsoft.net.test.sdk\16.7.1\build\netcoreapp2.1\Microsoft.NET.Test.Sdk.Program.cs" line-rate="0" branch-rate="1" complexity="1">
          <methods>
            <method name="Main" signature="(...)" line-rate="0" branch-rate="1" complexity="1">
              <lines>
                <line number="4" hits="0" branch="false" />
              </lines>
            </method>
          </methods>
          <lines>
            <line number="4" hits="0" branch="false" />
          </lines>
        </class>
        <class name="BLL.Tests.AddClubCommandHandlerTests" filename="C:\Users\user\Desktop\lab4.6-4.7\BLL.Tests\Club\Commands\AddClubCommandHandlerTests.cs" line-rate="1" branch-rate="1" complexity="1">
          <methods>
            <method name="AddClubCommandHandler_Success" signature="()" line-rate="1" branch-rate="1" complexity="1">
              <lines>
                <line number="17" hits="1" branch="false" />
                <line number="19" hits="1" branch="false" />
                <line number="20" hits="1" branch="false" />
                <line number="21" hits="1" branch="false" />
                <line number="22" hits="1" branch="false" />
                <line number="25" hits="1" branch="false" />
                <line number="26" hits="1" branch="false" />
                <line number="27" hits="1" branch="false" />
                <line number="28" hits="1" branch="false" />
                <line number="29" hits="1" branch="false" />
                <line number="30" hits="1" branch="false" />
                <line number="31" hits="1" branch="false" />
                <line number="34" hits="1" branch="false" />
                <line number="35" hits="1" branch="false" />
                <line number="36" hits="1" branch="false" />
                <line number="37" hits="1" branch="false" />
              </lines>
            </method>
          </methods>
          <lines>
            <line number="17" hits="1" branch="false" />
            <line number="19" hits="1" branch="false" />
            <line number="20" hits="1" branch="false" />
            <line number="21" hits="1" branch="false" />
            <line number="22" hits="1" branch="false" />
            <line number="25" hits="1" branch="false" />
            <line number="26" hits="1" branch="false" />
            <line number="27" hits="1" branch="false" />
            <line number="28" hits="1" branch="false" />
            <line number="29" hits="1" branch="false" />
            <line number="30" hits="1" branch="false" />
            <line number="31" hits="1" branch="false" />
            <line number="34" hits="1" branch="false" />
            <line number="35" hits="1" branch="false" />
            <line number="36" hits="1" branch="false" />
            <line number="37" hits="1" branch="false" />
          </lines>
        </class>
        <class name="BLL.Tests.AddClubPassCommandHandlerTests" filename="C:\Users\user\Desktop\lab4.6-4.7\BLL.Tests\ClubPass\Commands\AddClubPassCommandHandlerTests.cs" line-rate="1" branch-rate="1" complexity="3">
          <methods>
            <method name="AddClubPassCommandHandler_Success" signature="()" line-rate="1" branch-rate="1" complexity="1">
              <lines>
                <line number="14" hits="1" branch="false" />
                <line number="16" hits="1" branch="false" />
                <line number="17" hits="1" branch="false" />
                <line number="18" hits="1" branch="false" />
                <line number="19" hits="1" branch="false" />
                <line number="20" hits="1" branch="false" />
                <line number="21" hits="1" branch="false" />
                <line number="24" hits="1" branch="false" />
                <line number="25" hits="1" branch="false" />
                <line number="26" hits="1" branch="false" />
                <line number="27" hits="1" branch="false" />
                <line number="28" hits="1" branch="false" />
                <line number="29" hits="1" branch="false" />
                <line number="30" hits="1" branch="false" />
                <line number="31" hits="1" branch="false" />
                <line number="32" hits="1" branch="false" />
                <line number="35" hits="1" branch="false" />
                <line number="36" hits="1" branch="false" />
                <line number="37" hits="1" branch="false" />
                <line number="38" hits="1" branch="false" />
                <line number="39" hits="1" branch="false" />
              </lines>
            </method>
            <method name="&lt;AddClubPassCommandHandler_FailedOnClubId" signature="()" line-rate="1" branch-rate="1" complexity="1">
              <lines>
                <line number="52" hits="2" branch="false" />
                <line number="53" hits="2" branch="false" />
              </lines>
            </method>
            <method name="AddClubPassCommandHandler_FailedOnClubId" signature="()" line-rate="1" branch-rate="1" complexity="1">
              <lines>
                <line number="44" hits="1" branch="false" />
                <line number="46" hits="1" branch="false" />
                <line number="47" hits="1" branch="false" />
                <line number="51" hits="1" branch="false" />
                <line number="52" hits="2" branch="false" />
                <line number="53" hits="2" branch="false" />
                <line number="54" hits="1" branch="false" />
              </lines>
            </method>
          </methods>
          <lines>
            <line number="14" hits="1" branch="false" />
            <line number="16" hits="1" branch="false" />
            <line number="17" hits="1" branch="false" />
            <line number="18" hits="1" branch="false" />
            <line number="19" hits="1" branch="false" />
            <line number="20" hits="1" branch="false" />
            <line number="21" hits="1" branch="false" />
            <line number="24" hits="1" branch="false" />
            <line number="25" hits="1" branch="false" />
            <line number="26" hits="1" branch="false" />
            <line number="27" hits="1" branch="false" />
            <line number="28" hits="1" branch="false" />
            <line number="29" hits="1" branch="false" />
            <line number="30" hits="1" branch="false" />
            <line number="31" hits="1" branch="false" />
            <line number="32" hits="1" branch="false" />
            <line number="35" hits="1" branch="false" />
            <line number="36" hits="1" branch="false" />
            <line number="37" hits="1" branch="false" />
            <line number="38" hits="1" branch="false" />
            <line number="39" hits="1" branch="false" />
            <line number="44" hits="1" branch="false" />
            <line number="46" hits="1" branch="false" />
            <line number="47" hits="1" branch="false" />
            <line number="51" hits="1" branch="false" />
            <line number="52" hits="2" branch="false" />
            <line number="53" hits="2" branch="false" />
            <line number="54" hits="1" branch="false" />
          </lines>
        </class>
        <class name="BLL.Tests.AddUserCommandHandlerTests" filename="C:\Users\user\Desktop\lab4.6-4.7\BLL.Tests\User\Commands\AddUserCommandHandlerTests.cs" line-rate="0.9393939393939394" branch-rate="1" complexity="5">
          <methods>
            <method name="AddUserCommandHandler_Success" signature="()" line-rate="1" branch-rate="1" complexity="1">
              <lines>
                <line number="14" hits="1" branch="false" />
                <line number="16" hits="1" branch="false" />
                <line number="17" hits="1" branch="false" />
                <line number="18" hits="1" branch="false" />
                <line number="19" hits="1" branch="false" />
                <line number="20" hits="1" branch="false" />
                <line number="23" hits="1" branch="false" />
                <line number="24" hits="1" branch="false" />
                <line number="25" hits="1" branch="false" />
                <line number="26" hits="1" branch="false" />
                <line number="27" hits="1" branch="false" />
                <line number="28" hits="1" branch="false" />
                <line number="29" hits="1" branch="false" />
                <line number="30" hits="1" branch="false" />
                <line number="33" hits="1" branch="false" />
                <line number="34" hits="1" branch="false" />
                <line number="35" hits="1" branch="false" />
                <line number="36" hits="1" branch="false" />
                <line number="37" hits="1" branch="false" />
              </lines>
            </method>
            <method name="&lt;AddUserCommandHandler_FailedOnClubPassId" signature="()" line-rate="1" branch-rate="1" complexity="1">
              <lines>
                <line number="50" hits="2" branch="false" />
                <line number="51" hits="2" branch="false" />
              </lines>
            </method>
            <method name="AddUserCommandHandler_FailedOnClubPassId" signature="()" line-rate="0.8571428571428571" branch-rate="1" complexity="1">
              <lines>
                <line number="42" hits="1" branch="false" />
                <line number="44" hits="1" branch="false" />
                <line number="45" hits="1" branch="false" />
                <line number="49" hits="1" branch="false" />
                <line number="50" hits="2" branch="false" />
                <line number="51" hits="2" branch="false" />
                <line number="52" hits="0" branch="false" />
              </lines>
            </method>
            <method name="&lt;AddUserCommandHandler_FailedOnWorkoutId" signature="()" line-rate="1" branch-rate="1" complexity="1">
              <lines>
                <line number="64" hits="2" branch="false" />
                <line number="65" hits="2" branch="false" />
              </lines>
            </method>
            <method name="AddUserCommandHandler_FailedOnWorkoutId" signature="()" line-rate="0.8571428571428571" branch-rate="1" complexity="1">
              <lines>
                <line number="56" hits="1" branch="false" />
                <line number="58" hits="1" branch="false" />
                <line number="59" hits="1" branch="false" />
                <line number="63" hits="1" branch="false" />
                <line number="64" hits="2" branch="false" />
                <line number="65" hits="2" branch="false" />
                <line number="66" hits="0" branch="false" />
              </lines>
            </method>
          </methods>
          <lines>
            <line number="14" hits="1" branch="false" />
            <line number="16" hits="1" branch="false" />
            <line number="17" hits="1" branch="false" />
            <line number="18" hits="1" branch="false" />
            <line number="19" hits="1" branch="false" />
            <line number="20" hits="1" branch="false" />
            <line number="23" hits="1" branch="false" />
            <line number="24" hits="1" branch="false" />
            <line number="25" hits="1" branch="false" />
            <line number="26" hits="1" branch="false" />
            <line number="27" hits="1" branch="false" />
            <line number="28" hits="1" branch="false" />
            <line number="29" hits="1" branch="false" />
            <line number="30" hits="1" branch="false" />
            <line number="33" hits="1" branch="false" />
            <line number="34" hits="1" branch="false" />
            <line number="35" hits="1" branch="false" />
            <line number="36" hits="1" branch="false" />
            <line number="37" hits="1" branch="false" />
            <line number="42" hits="1" branch="false" />
            <line number="44" hits="1" branch="false" />
            <line number="45" hits="1" branch="false" />
            <line number="49" hits="1" branch="false" />
            <line number="50" hits="2" branch="false" />
            <line number="51" hits="2" branch="false" />
            <line number="52" hits="0" branch="false" />
            <line number="56" hits="1" branch="false" />
            <line number="58" hits="1" branch="false" />
            <line number="59" hits="1" branch="false" />
            <line number="63" hits="1" branch="false" />
            <line number="64" hits="2" branch="false" />
            <line number="65" hits="2" branch="false" />
            <line number="66" hits="0" branch="false" />
          </lines>
        </class>
        <class name="BLL.Tests.AddWorkoutCommandHandlerTests" filename="C:\Users\user\Desktop\lab4.6-4.7\BLL.Tests\Workout\Commands\AddWorkoutCommandHandlerTests.cs" line-rate="1" branch-rate="1" complexity="3">
          <methods>
            <method name="AddWorkoutCommandHandler_Success" signature="()" line-rate="1" branch-rate="1" complexity="1">
              <lines>
                <line number="14" hits="1" branch="false" />
                <line number="16" hits="1" branch="false" />
                <line number="17" hits="1" branch="false" />
                <line number="18" hits="1" branch="false" />
                <line number="19" hits="1" branch="false" />
                <line number="22" hits="1" branch="false" />
                <line number="23" hits="1" branch="false" />
                <line number="24" hits="1" branch="false" />
                <line number="25" hits="1" branch="false" />
                <line number="26" hits="1" branch="false" />
                <line number="27" hits="1" branch="false" />
                <line number="28" hits="1" branch="false" />
                <line number="31" hits="1" branch="false" />
                <line number="32" hits="1" branch="false" />
                <line number="33" hits="1" branch="false" />
                <line number="34" hits="1" branch="false" />
                <line number="35" hits="1" branch="false" />
              </lines>
            </method>
            <method name="&lt;AddWorkoutHandler_FailedOnClubId" signature="()" line-rate="1" branch-rate="1" complexity="1">
              <lines>
                <line number="48" hits="2" branch="false" />
                <line number="49" hits="2" branch="false" />
              </lines>
            </method>
            <method name="AddWorkoutHandler_FailedOnClubId" signature="()" line-rate="1" branch-rate="1" complexity="1">
              <lines>
                <line number="40" hits="1" branch="false" />
                <line number="42" hits="1" branch="false" />
                <line number="43" hits="1" branch="false" />
                <line number="47" hits="1" branch="false" />
                <line number="48" hits="2" branch="false" />
                <line number="49" hits="2" branch="false" />
                <line number="50" hits="1" branch="false" />
              </lines>
            </method>
          </methods>
          <lines>
            <line number="14" hits="1" branch="false" />
            <line number="16" hits="1" branch="false" />
            <line number="17" hits="1" branch="false" />
            <line number="18" hits="1" branch="false" />
            <line number="19" hits="1" branch="false" />
            <line number="22" hits="1" branch="false" />
            <line number="23" hits="1" branch="false" />
            <line number="24" hits="1" branch="false" />
            <line number="25" hits="1" branch="false" />
            <line number="26" hits="1" branch="false" />
            <line number="27" hits="1" branch="false" />
            <line number="28" hits="1" branch="false" />
            <line number="31" hits="1" branch="false" />
            <line number="32" hits="1" branch="false" />
            <line number="33" hits="1" branch="false" />
            <line number="34" hits="1" branch="false" />
            <line number="35" hits="1" branch="false" />
            <line number="40" hits="1" branch="false" />
            <line number="42" hits="1" branch="false" />
            <line number="43" hits="1" branch="false" />
            <line number="47" hits="1" branch="false" />
            <line number="48" hits="2" branch="false" />
            <line number="49" hits="2" branch="false" />
            <line number="50" hits="1" branch="false" />
          </lines>
        </class>
        <class name="BLL.Tests.ContextFactory" filename="C:\Users\user\Desktop\lab4.6-4.7\BLL.Tests\Common\ContextFactory.cs" line-rate="1" branch-rate="1" complexity="3">
          <methods>
            <method name="Create" signature="()" line-rate="1" branch-rate="1" complexity="1">
              <lines>
                <line number="26" hits="27" branch="false" />
                <line number="27" hits="27" branch="false" />
                <line number="28" hits="27" branch="false" />
                <line number="29" hits="27" branch="false" />
                <line number="31" hits="27" branch="false" />
                <line number="32" hits="27" branch="false" />
                <line number="33" hits="27" branch="false" />
                <line number="34" hits="27" branch="false" />
                <line number="35" hits="27" branch="false" />
                <line number="36" hits="27" branch="false" />
                <line number="37" hits="27" branch="false" />
                <line number="38" hits="27" branch="false" />
                <line number="39" hits="27" branch="false" />
                <line number="40" hits="27" branch="false" />
                <line number="41" hits="27" branch="false" />
                <line number="42" hits="27" branch="false" />
                <line number="43" hits="27" branch="false" />
                <line number="44" hits="27" branch="false" />
                <line number="45" hits="27" branch="false" />
                <line number="46" hits="27" branch="false" />
                <line number="47" hits="27" branch="false" />
                <line number="48" hits="27" branch="false" />
                <line number="49" hits="27" branch="false" />
                <line number="50" hits="27" branch="false" />
                <line number="51" hits="27" branch="false" />
                <line number="52" hits="27" branch="false" />
                <line number="53" hits="27" branch="false" />
                <line number="54" hits="27" branch="false" />
                <line number="55" hits="27" branch="false" />
                <line number="56" hits="27" branch="false" />
                <line number="57" hits="27" branch="false" />
                <line number="58" hits="27" branch="false" />
                <line number="59" hits="27" branch="false" />
                <line number="60" hits="27" branch="false" />
                <line number="61" hits="27" branch="false" />
                <line number="62" hits="27" branch="false" />
                <line number="63" hits="27" branch="false" />
                <line number="64" hits="27" branch="false" />
                <line number="65" hits="27" branch="false" />
                <line number="66" hits="27" branch="false" />
                <line number="67" hits="27" branch="false" />
                <line number="68" hits="27" branch="false" />
                <line number="69" hits="27" branch="false" />
                <line number="70" hits="27" branch="false" />
                <line number="71" hits="27" branch="false" />
                <line number="72" hits="27" branch="false" />
                <line number="73" hits="27" branch="false" />
                <line number="74" hits="27" branch="false" />
                <line number="75" hits="27" branch="false" />
                <line number="76" hits="27" branch="false" />
                <line number="77" hits="27" branch="false" />
                <line number="78" hits="27" branch="false" />
                <line number="79" hits="27" branch="false" />
                <line number="80" hits="27" branch="false" />
                <line number="81" hits="27" branch="false" />
                <line number="82" hits="27" branch="false" />
                <line number="83" hits="27" branch="false" />
                <line number="84" hits="27" branch="false" />
                <line number="85" hits="27" branch="false" />
                <line number="86" hits="27" branch="false" />
                <line number="87" hits="27" branch="false" />
                <line number="88" hits="27" branch="false" />
                <line number="89" hits="27" branch="false" />
                <line number="90" hits="27" branch="false" />
                <line number="91" hits="27" branch="false" />
                <line number="92" hits="27" branch="false" />
                <line number="93" hits="27" branch="false" />
                <line number="94" hits="27" branch="false" />
                <line number="95" hits="27" branch="false" />
                <line number="96" hits="27" branch="false" />
                <line number="97" hits="27" branch="false" />
                <line number="98" hits="27" branch="false" />
                <line number="99" hits="27" branch="false" />
                <line number="100" hits="27" branch="false" />
                <line number="101" hits="27" branch="false" />
                <line number="102" hits="27" branch="false" />
                <line number="103" hits="27" branch="false" />
                <line number="104" hits="27" branch="false" />
                <line number="105" hits="27" branch="false" />
                <line number="106" hits="27" branch="false" />
                <line number="107" hits="27" branch="false" />
                <line number="108" hits="27" branch="false" />
                <line number="109" hits="27" branch="false" />
                <line number="110" hits="27" branch="false" />
                <line number="111" hits="27" branch="false" />
                <line number="112" hits="27" branch="false" />
                <line number="113" hits="27" branch="false" />
                <line number="114" hits="27" branch="false" />
                <line number="115" hits="27" branch="false" />
                <line number="116" hits="27" branch="false" />
                <line number="117" hits="27" branch="false" />
                <line number="118" hits="27" branch="false" />
                <line number="119" hits="27" branch="false" />
                <line number="120" hits="27" branch="false" />
                <line number="121" hits="27" branch="false" />
                <line number="122" hits="27" branch="false" />
                <line number="123" hits="27" branch="false" />
                <line number="124" hits="27" branch="false" />
                <line number="125" hits="27" branch="false" />
                <line number="126" hits="27" branch="false" />
                <line number="127" hits="27" branch="false" />
                <line number="128" hits="27" branch="false" />
                <line number="129" hits="27" branch="false" />
                <line number="130" hits="27" branch="false" />
                <line number="131" hits="27" branch="false" />
                <line number="132" hits="27" branch="false" />
                <line number="133" hits="27" branch="false" />
                <line number="134" hits="27" branch="false" />
                <line number="135" hits="27" branch="false" />
                <line number="136" hits="27" branch="false" />
                <line number="137" hits="27" branch="false" />
                <line number="138" hits="27" branch="false" />
                <line number="139" hits="27" branch="false" />
                <line number="140" hits="27" branch="false" />
                <line number="141" hits="27" branch="false" />
                <line number="142" hits="27" branch="false" />
                <line number="143" hits="27" branch="false" />
                <line number="144" hits="27" branch="false" />
                <line number="145" hits="27" branch="false" />
                <line number="146" hits="27" branch="false" />
                <line number="147" hits="27" branch="false" />
                <line number="148" hits="27" branch="false" />
                <line number="149" hits="27" branch="false" />
                <line number="150" hits="27" branch="false" />
                <line number="151" hits="27" branch="false" />
                <line number="152" hits="27" branch="false" />
                <line number="153" hits="27" branch="false" />
                <line number="154" hits="27" branch="false" />
                <line number="155" hits="27" branch="false" />
                <line number="156" hits="27" branch="false" />
                <line number="157" hits="27" branch="false" />
                <line number="158" hits="27" branch="false" />
                <line number="159" hits="27" branch="false" />
                <line number="160" hits="27" branch="false" />
                <line number="161" hits="27" branch="false" />
                <line number="162" hits="27" branch="false" />
                <line number="163" hits="27" branch="false" />
                <line number="164" hits="27" branch="false" />
                <line number="165" hits="27" branch="false" />
                <line number="166" hits="27" branch="false" />
                <line number="167" hits="27" branch="false" />
                <line number="168" hits="27" branch="false" />
                <line number="169" hits="27" branch="false" />
                <line number="170" hits="27" branch="false" />
                <line number="171" hits="27" branch="false" />
              </lines>
            </method>
            <method name="Destroy" signature="(...)" line-rate="1" branch-rate="1" complexity="1">
              <lines>
                <line number="174" hits="27" branch="false" />
                <line number="175" hits="27" branch="false" />
                <line number="176" hits="27" branch="false" />
                <line number="177" hits="27" branch="false" />
              </lines>
            </method>
            <method name=".cctor" signature="()" line-rate="1" branch-rate="1" complexity="1">
              <lines>
                <line number="13" hits="1" branch="false" />
                <line number="14" hits="1" branch="false" />
                <line number="16" hits="1" branch="false" />
                <line number="17" hits="1" branch="false" />
                <line number="19" hits="1" branch="false" />
                <line number="20" hits="1" branch="false" />
                <line number="22" hits="1" branch="false" />
                <line number="23" hits="1" branch="false" />
              </lines>
            </method>
          </methods>
          <lines>
            <line number="13" hits="1" branch="false" />
            <line number="14" hits="1" branch="false" />
            <line number="16" hits="1" branch="false" />
            <line number="17" hits="1" branch="false" />
            <line number="19" hits="1" branch="false" />
            <line number="20" hits="1" branch="false" />
            <line number="22" hits="1" branch="false" />
            <line number="23" hits="1" branch="false" />
            <line number="26" hits="27" branch="false" />
            <line number="27" hits="27" branch="false" />
            <line number="28" hits="27" branch="false" />
            <line number="29" hits="27" branch="false" />
            <line number="31" hits="27" branch="false" />
            <line number="32" hits="27" branch="false" />
            <line number="33" hits="27" branch="false" />
            <line number="34" hits="27" branch="false" />
            <line number="35" hits="27" branch="false" />
            <line number="36" hits="27" branch="false" />
            <line number="37" hits="27" branch="false" />
            <line number="38" hits="27" branch="false" />
            <line number="39" hits="27" branch="false" />
            <line number="40" hits="27" branch="false" />
            <line number="41" hits="27" branch="false" />
            <line number="42" hits="27" branch="false" />
            <line number="43" hits="27" branch="false" />
            <line number="44" hits="27" branch="false" />
            <line number="45" hits="27" branch="false" />
            <line number="46" hits="27" branch="false" />
            <line number="47" hits="27" branch="false" />
            <line number="48" hits="27" branch="false" />
            <line number="49" hits="27" branch="false" />
            <line number="50" hits="27" branch="false" />
            <line number="51" hits="27" branch="false" />
            <line number="52" hits="27" branch="false" />
            <line number="53" hits="27" branch="false" />
            <line number="54" hits="27" branch="false" />
            <line number="55" hits="27" branch="false" />
            <line number="56" hits="27" branch="false" />
            <line number="57" hits="27" branch="false" />
            <line number="58" hits="27" branch="false" />
            <line number="59" hits="27" branch="false" />
            <line number="60" hits="27" branch="false" />
            <line number="61" hits="27" branch="false" />
            <line number="62" hits="27" branch="false" />
            <line number="63" hits="27" branch="false" />
            <line number="64" hits="27" branch="false" />
            <line number="65" hits="27" branch="false" />
            <line number="66" hits="27" branch="false" />
            <line number="67" hits="27" branch="false" />
            <line number="68" hits="27" branch="false" />
            <line number="69" hits="27" branch="false" />
            <line number="70" hits="27" branch="false" />
            <line number="71" hits="27" branch="false" />
            <line number="72" hits="27" branch="false" />
            <line number="73" hits="27" branch="false" />
            <line number="74" hits="27" branch="false" />
            <line number="75" hits="27" branch="false" />
            <line number="76" hits="27" branch="false" />
            <line number="77" hits="27" branch="false" />
            <line number="78" hits="27" branch="false" />
            <line number="79" hits="27" branch="false" />
            <line number="80" hits="27" branch="false" />
            <line number="81" hits="27" branch="false" />
            <line number="82" hits="27" branch="false" />
            <line number="83" hits="27" branch="false" />
            <line number="84" hits="27" branch="false" />
            <line number="85" hits="27" branch="false" />
            <line number="86" hits="27" branch="false" />
            <line number="87" hits="27" branch="false" />
            <line number="88" hits="27" branch="false" />
            <line number="89" hits="27" branch="false" />
            <line number="90" hits="27" branch="false" />
            <line number="91" hits="27" branch="false" />
            <line number="92" hits="27" branch="false" />
            <line number="93" hits="27" branch="false" />
            <line number="94" hits="27" branch="false" />
            <line number="95" hits="27" branch="false" />
            <line number="96" hits="27" branch="false" />
            <line number="97" hits="27" branch="false" />
            <line number="98" hits="27" branch="false" />
            <line number="99" hits="27" branch="false" />
            <line number="100" hits="27" branch="false" />
            <line number="101" hits="27" branch="false" />
            <line number="102" hits="27" branch="false" />
            <line number="103" hits="27" branch="false" />
            <line number="104" hits="27" branch="false" />
            <line number="105" hits="27" branch="false" />
            <line number="106" hits="27" branch="false" />
            <line number="107" hits="27" branch="false" />
            <line number="108" hits="27" branch="false" />
            <line number="109" hits="27" branch="false" />
            <line number="110" hits="27" branch="false" />
            <line number="111" hits="27" branch="false" />
            <line number="112" hits="27" branch="false" />
            <line number="113" hits="27" branch="false" />
            <line number="114" hits="27" branch="false" />
            <line number="115" hits="27" branch="false" />
            <line number="116" hits="27" branch="false" />
            <line number="117" hits="27" branch="false" />
            <line number="118" hits="27" branch="false" />
            <line number="119" hits="27" branch="false" />
            <line number="120" hits="27" branch="false" />
            <line number="121" hits="27" branch="false" />
            <line number="122" hits="27" branch="false" />
            <line number="123" hits="27" branch="false" />
            <line number="124" hits="27" branch="false" />
            <line number="125" hits="27" branch="false" />
            <line number="126" hits="27" branch="false" />
            <line number="127" hits="27" branch="false" />
            <line number="128" hits="27" branch="false" />
            <line number="129" hits="27" branch="false" />
            <line number="130" hits="27" branch="false" />
            <line number="131" hits="27" branch="false" />
            <line number="132" hits="27" branch="false" />
            <line number="133" hits="27" branch="false" />
            <line number="134" hits="27" branch="false" />
            <line number="135" hits="27" branch="false" />
            <line number="136" hits="27" branch="false" />
            <line number="137" hits="27" branch="false" />
            <line number="138" hits="27" branch="false" />
            <line number="139" hits="27" branch="false" />
            <line number="140" hits="27" branch="false" />
            <line number="141" hits="27" branch="false" />
            <line number="142" hits="27" branch="false" />
            <line number="143" hits="27" branch="false" />
            <line number="144" hits="27" branch="false" />
            <line number="145" hits="27" branch="false" />
            <line number="146" hits="27" branch="false" />
            <line number="147" hits="27" branch="false" />
            <line number="148" hits="27" branch="false" />
            <line number="149" hits="27" branch="false" />
            <line number="150" hits="27" branch="false" />
            <line number="151" hits="27" branch="false" />
            <line number="152" hits="27" branch="false" />
            <line number="153" hits="27" branch="false" />
            <line number="154" hits="27" branch="false" />
            <line number="155" hits="27" branch="false" />
            <line number="156" hits="27" branch="false" />
            <line number="157" hits="27" branch="false" />
            <line number="158" hits="27" branch="false" />
            <line number="159" hits="27" branch="false" />
            <line number="160" hits="27" branch="false" />
            <line number="161" hits="27" branch="false" />
            <line number="162" hits="27" branch="false" />
            <line number="163" hits="27" branch="false" />
            <line number="164" hits="27" branch="false" />
            <line number="165" hits="27" branch="false" />
            <line number="166" hits="27" branch="false" />
            <line number="167" hits="27" branch="false" />
            <line number="168" hits="27" branch="false" />
            <line number="169" hits="27" branch="false" />
            <line number="170" hits="27" branch="false" />
            <line number="171" hits="27" branch="false" />
            <line number="174" hits="27" branch="false" />
            <line number="175" hits="27" branch="false" />
            <line number="176" hits="27" branch="false" />
            <line number="177" hits="27" branch="false" />
          </lines>
        </class>
        <class name="BLL.Tests.GetClubListQueryHandlerTests" filename="C:\Users\user\Desktop\lab4.6-4.7\BLL.Tests\Club\Queries\GetClubListQueryHandlerTests.cs" line-rate="1" branch-rate="1" complexity="2">
          <methods>
            <method name=".ctor" signature="(...)" line-rate="1" branch-rate="1" complexity="1">
              <lines>
                <line number="23" hits="1" branch="false" />
                <line number="24" hits="1" branch="false" />
              </lines>
            </method>
            <method name="GetClubListQueryHandler_Success" signature="()" line-rate="1" branch-rate="1" complexity="1">
              <lines>
                <line number="28" hits="1" branch="false" />
                <line number="30" hits="1" branch="false" />
                <line number="33" hits="1" branch="false" />
                <line number="34" hits="1" branch="false" />
                <line number="37" hits="1" branch="false" />
                <line number="38" hits="1" branch="false" />
                <line number="39" hits="1" branch="false" />
              </lines>
            </method>
          </methods>
          <lines>
            <line number="23" hits="1" branch="false" />
            <line number="24" hits="1" branch="false" />
            <line number="28" hits="1" branch="false" />
            <line number="30" hits="1" branch="false" />
            <line number="33" hits="1" branch="false" />
            <line number="34" hits="1" branch="false" />
            <line number="37" hits="1" branch="false" />
            <line number="38" hits="1" branch="false" />
            <line number="39" hits="1" branch="false" />
          </lines>
        </class>
        <class name="BLL.Tests.GetClubPassListQueryHandlerTests" filename="C:\Users\user\Desktop\lab4.6-4.7\BLL.Tests\ClubPass\Queries\GetClubPassListQueryHandlerTests.cs" line-rate="1" branch-rate="1" complexity="2">
          <methods>
            <method name=".ctor" signature="(...)" line-rate="1" branch-rate="1" complexity="1">
              <lines>
                <line number="23" hits="1" branch="false" />
                <line number="24" hits="1" branch="false" />
              </lines>
            </method>
            <method name="GetClubPassListQueryHandler_Success" signature="()" line-rate="1" branch-rate="1" complexity="1">
              <lines>
                <line number="28" hits="1" branch="false" />
                <line number="30" hits="1" branch="false" />
                <line number="33" hits="1" branch="false" />
                <line number="34" hits="1" branch="false" />
                <line number="37" hits="1" branch="false" />
                <line number="38" hits="1" branch="false" />
                <line number="39" hits="1" branch="false" />
              </lines>
            </method>
          </methods>
          <lines>
            <line number="23" hits="1" branch="false" />
            <line number="24" hits="1" branch="false" />
            <line number="28" hits="1" branch="false" />
            <line number="30" hits="1" branch="false" />
            <line number="33" hits="1" branch="false" />
            <line number="34" hits="1" branch="false" />
            <line number="37" hits="1" branch="false" />
            <line number="38" hits="1" branch="false" />
            <line number="39" hits="1" branch="false" />
          </lines>
        </class>
        <class name="BLL.Tests.GetClubPassQueryHandlerTests" filename="C:\Users\user\Desktop\lab4.6-4.7\BLL.Tests\ClubPass\Queries\GetClubPassQueryHandlerTests.cs" line-rate="1" branch-rate="1" complexity="4">
          <methods>
            <method name=".ctor" signature="(...)" line-rate="1" branch-rate="1" complexity="1">
              <lines>
                <line number="23" hits="2" branch="false" />
                <line number="24" hits="2" branch="false" />
              </lines>
            </method>
            <method name="GetClubPassQueryHandler_Success" signature="()" line-rate="1" branch-rate="1" complexity="1">
              <lines>
                <line number="28" hits="1" branch="false" />
                <line number="30" hits="1" branch="false" />
                <line number="33" hits="1" branch="false" />
                <line number="34" hits="1" branch="false" />
                <line number="38" hits="1" branch="false" />
                <line number="39" hits="1" branch="false" />
                <line number="40" hits="1" branch="false" />
                <line number="41" hits="1" branch="false" />
                <line number="42" hits="1" branch="false" />
                <line number="43" hits="1" branch="false" />
                <line number="44" hits="1" branch="false" />
              </lines>
            </method>
            <method name="&lt;GetPassClubQueryHandler_FailOnWrongId" signature="()" line-rate="1" branch-rate="1" complexity="1">
              <lines>
                <line number="55" hits="2" branch="false" />
                <line number="56" hits="2" branch="false" />
              </lines>
            </method>
            <method name="GetPassClubQueryHandler_FailOnWrongId" signature="()" line-rate="1" branch-rate="1" complexity="1">
              <lines>
                <line number="48" hits="1" branch="false" />
                <line number="50" hits="1" branch="false" />
                <line number="54" hits="1" branch="false" />
                <line number="55" hits="2" branch="false" />
                <line number="56" hits="2" branch="false" />
                <line number="57" hits="1" branch="false" />
              </lines>
            </method>
          </methods>
          <lines>
            <line number="23" hits="2" branch="false" />
            <line number="24" hits="2" branch="false" />
            <line number="28" hits="1" branch="false" />
            <line number="30" hits="1" branch="false" />
            <line number="33" hits="1" branch="false" />
            <line number="34" hits="1" branch="false" />
            <line number="38" hits="1" branch="false" />
            <line number="39" hits="1" branch="false" />
            <line number="40" hits="1" branch="false" />
            <line number="41" hits="1" branch="false" />
            <line number="42" hits="1" branch="false" />
            <line number="43" hits="1" branch="false" />
            <line number="44" hits="1" branch="false" />
            <line number="48" hits="1" branch="false" />
            <line number="50" hits="1" branch="false" />
            <line number="54" hits="1" branch="false" />
            <line number="55" hits="2" branch="false" />
            <line number="56" hits="2" branch="false" />
            <line number="57" hits="1" branch="false" />
          </lines>
        </class>
        <class name="BLL.Tests.GetClubQueryHandlerTests" filename="C:\Users\user\Desktop\lab4.6-4.7\BLL.Tests\Club\Queries\GetClubQueryHandlerTests.cs" line-rate="1" branch-rate="1" complexity="4">
          <methods>
            <method name=".ctor" signature="(...)" line-rate="1" branch-rate="1" complexity="1">
              <lines>
                <line number="23" hits="2" branch="false" />
                <line number="24" hits="2" branch="false" />
              </lines>
            </method>
            <method name="GetClubQueryHandler_Success" signature="()" line-rate="1" branch-rate="1" complexity="1">
              <lines>
                <line number="28" hits="1" branch="false" />
                <line number="30" hits="1" branch="false" />
                <line number="33" hits="1" branch="false" />
                <line number="34" hits="1" branch="false" />
                <line number="37" hits="1" branch="false" />
                <line number="38" hits="1" branch="false" />
                <line number="39" hits="1" branch="false" />
                <line number="40" hits="1" branch="false" />
                <line number="41" hits="1" branch="false" />
              </lines>
            </method>
            <method name="&lt;GetClubQueryHandler_FailOnWrongId" signature="()" line-rate="1" branch-rate="1" complexity="1">
              <lines>
                <line number="52" hits="2" branch="false" />
                <line number="53" hits="2" branch="false" />
              </lines>
            </method>
            <method name="GetClubQueryHandler_FailOnWrongId" signature="()" line-rate="1" branch-rate="1" complexity="1">
              <lines>
                <line number="45" hits="1" branch="false" />
                <line number="47" hits="1" branch="false" />
                <line number="51" hits="1" branch="false" />
                <line number="52" hits="2" branch="false" />
                <line number="53" hits="2" branch="false" />
                <line number="54" hits="1" branch="false" />
              </lines>
            </method>
          </methods>
          <lines>
            <line number="23" hits="2" branch="false" />
            <line number="24" hits="2" branch="false" />
            <line number="28" hits="1" branch="false" />
            <line number="30" hits="1" branch="false" />
            <line number="33" hits="1" branch="false" />
            <line number="34" hits="1" branch="false" />
            <line number="37" hits="1" branch="false" />
            <line number="38" hits="1" branch="false" />
            <line number="39" hits="1" branch="false" />
            <line number="40" hits="1" branch="false" />
            <line number="41" hits="1" branch="false" />
            <line number="45" hits="1" branch="false" />
            <line number="47" hits="1" branch="false" />
            <line number="51" hits="1" branch="false" />
            <line number="52" hits="2" branch="false" />
            <line number="53" hits="2" branch="false" />
            <line number="54" hits="1" branch="false" />
          </lines>
        </class>
        <class name="BLL.Tests.GetUserListQueryHandlerTests" filename="C:\Users\user\Desktop\lab4.6-4.7\BLL.Tests\User\Queries\GetUserListQueryHandlerTests.cs" line-rate="1" branch-rate="1" complexity="2">
          <methods>
            <method name=".ctor" signature="(...)" line-rate="1" branch-rate="1" complexity="1">
              <lines>
                <line number="24" hits="1" branch="false" />
                <line number="25" hits="1" branch="false" />
              </lines>
            </method>
            <method name="GetUserListQueryHandler_Success" signature="()" line-rate="1" branch-rate="1" complexity="1">
              <lines>
                <line number="29" hits="1" branch="false" />
                <line number="31" hits="1" branch="false" />
                <line number="34" hits="1" branch="false" />
                <line number="35" hits="1" branch="false" />
                <line number="38" hits="1" branch="false" />
                <line number="39" hits="1" branch="false" />
                <line number="40" hits="1" branch="false" />
              </lines>
            </method>
          </methods>
          <lines>
            <line number="24" hits="1" branch="false" />
            <line number="25" hits="1" branch="false" />
            <line number="29" hits="1" branch="false" />
            <line number="31" hits="1" branch="false" />
            <line number="34" hits="1" branch="false" />
            <line number="35" hits="1" branch="false" />
            <line number="38" hits="1" branch="false" />
            <line number="39" hits="1" branch="false" />
            <line number="40" hits="1" branch="false" />
          </lines>
        </class>
        <class name="BLL.Tests.GetUserQueryHandlerTests" filename="C:\Users\user\Desktop\lab4.6-4.7\BLL.Tests\User\Queries\GetUserQueryHandlerTests.cs" line-rate="1" branch-rate="1" complexity="4">
          <methods>
            <method name=".ctor" signature="(...)" line-rate="1" branch-rate="1" complexity="1">
              <lines>
                <line number="22" hits="2" branch="false" />
                <line number="23" hits="2" branch="false" />
              </lines>
            </method>
            <method name="GetUserQueryHandler_Success" signature="()" line-rate="1" branch-rate="1" complexity="1">
              <lines>
                <line number="27" hits="1" branch="false" />
                <line number="29" hits="1" branch="false" />
                <line number="32" hits="1" branch="false" />
                <line number="33" hits="1" branch="false" />
                <line number="37" hits="1" branch="false" />
                <line number="40" hits="1" branch="false" />
                <line number="41" hits="1" branch="false" />
                <line number="43" hits="1" branch="false" />
              </lines>
            </method>
            <method name="&lt;GetUserQueryHandler_FailOnWrongId" signature="()" line-rate="1" branch-rate="1" complexity="1">
              <lines>
                <line number="54" hits="2" branch="false" />
                <line number="55" hits="2" branch="false" />
              </lines>
            </method>
            <method name="GetUserQueryHandler_FailOnWrongId" signature="()" line-rate="1" branch-rate="1" complexity="1">
              <lines>
                <line number="47" hits="1" branch="false" />
                <line number="49" hits="1" branch="false" />
                <line number="53" hits="1" branch="false" />
                <line number="54" hits="2" branch="false" />
                <line number="55" hits="2" branch="false" />
                <line number="56" hits="1" branch="false" />
              </lines>
            </method>
          </methods>
          <lines>
            <line number="22" hits="2" branch="false" />
            <line number="23" hits="2" branch="false" />
            <line number="27" hits="1" branch="false" />
            <line number="29" hits="1" branch="false" />
            <line number="32" hits="1" branch="false" />
            <line number="33" hits="1" branch="false" />
            <line number="37" hits="1" branch="false" />
            <line number="40" hits="1" branch="false" />
            <line number="41" hits="1" branch="false" />
            <line number="43" hits="1" branch="false" />
            <line number="47" hits="1" branch="false" />
            <line number="49" hits="1" branch="false" />
            <line number="53" hits="1" branch="false" />
            <line number="54" hits="2" branch="false" />
            <line number="55" hits="2" branch="false" />
            <line number="56" hits="1" branch="false" />
          </lines>
        </class>
        <class name="BLL.Tests.GetWorkoutListQueryHandlerTests" filename="C:\Users\user\Desktop\lab4.6-4.7\BLL.Tests\Workout\Queries\GetWorkoutListQueryHandlerTests.cs" line-rate="1" branch-rate="1" complexity="2">
          <methods>
            <method name=".ctor" signature="(...)" line-rate="1" branch-rate="1" complexity="1">
              <lines>
                <line number="23" hits="1" branch="false" />
                <line number="24" hits="1" branch="false" />
              </lines>
            </method>
            <method name="GetClubPassListQueryHandler_Success" signature="()" line-rate="1" branch-rate="1" complexity="1">
              <lines>
                <line number="28" hits="1" branch="false" />
                <line number="30" hits="1" branch="false" />
                <line number="33" hits="1" branch="false" />
                <line number="34" hits="1" branch="false" />
                <line number="37" hits="1" branch="false" />
                <line number="38" hits="1" branch="false" />
                <line number="39" hits="1" branch="false" />
              </lines>
            </method>
          </methods>
          <lines>
            <line number="23" hits="1" branch="false" />
            <line number="24" hits="1" branch="false" />
            <line number="28" hits="1" branch="false" />
            <line number="30" hits="1" branch="false" />
            <line number="33" hits="1" branch="false" />
            <line number="34" hits="1" branch="false" />
            <line number="37" hits="1" branch="false" />
            <line number="38" hits="1" branch="false" />
            <line number="39" hits="1" branch="false" />
          </lines>
        </class>
        <class name="BLL.Tests.GetWorkoutQueryHandlerTests" filename="C:\Users\user\Desktop\lab4.6-4.7\BLL.Tests\Workout\Queries\GetWorkoutQueryHandlerTests.cs" line-rate="1" branch-rate="1" complexity="4">
          <methods>
            <method name=".ctor" signature="(...)" line-rate="1" branch-rate="1" complexity="1">
              <lines>
                <line number="22" hits="2" branch="false" />
                <line number="23" hits="2" branch="false" />
              </lines>
            </method>
            <method name="GetClubPassQueryHandler_Success" signature="()" line-rate="1" branch-rate="1" complexity="1">
              <lines>
                <line number="27" hits="1" branch="false" />
                <line number="29" hits="1" branch="false" />
                <line number="32" hits="1" branch="false" />
                <line number="33" hits="1" branch="false" />
                <line number="37" hits="1" branch="false" />
                <line number="38" hits="1" branch="false" />
                <line number="39" hits="1" branch="false" />
                <line number="40" hits="1" branch="false" />
                <line number="41" hits="1" branch="false" />
                <line number="43" hits="1" branch="false" />
              </lines>
            </method>
            <method name="&lt;GetWorkoutQueryHandler_FailOnWrongId" signature="()" line-rate="1" branch-rate="1" complexity="1">
              <lines>
                <line number="54" hits="2" branch="false" />
                <line number="55" hits="2" branch="false" />
              </lines>
            </method>
            <method name="GetWorkoutQueryHandler_FailOnWrongId" signature="()" line-rate="1" branch-rate="1" complexity="1">
              <lines>
                <line number="47" hits="1" branch="false" />
                <line number="49" hits="1" branch="false" />
                <line number="53" hits="1" branch="false" />
                <line number="54" hits="2" branch="false" />
                <line number="55" hits="2" branch="false" />
                <line number="56" hits="1" branch="false" />
              </lines>
            </method>
          </methods>
          <lines>
            <line number="22" hits="2" branch="false" />
            <line number="23" hits="2" branch="false" />
            <line number="27" hits="1" branch="false" />
            <line number="29" hits="1" branch="false" />
            <line number="32" hits="1" branch="false" />
            <line number="33" hits="1" branch="false" />
            <line number="37" hits="1" branch="false" />
            <line number="38" hits="1" branch="false" />
            <line number="39" hits="1" branch="false" />
            <line number="40" hits="1" branch="false" />
            <line number="41" hits="1" branch="false" />
            <line number="43" hits="1" branch="false" />
            <line number="47" hits="1" branch="false" />
            <line number="49" hits="1" branch="false" />
            <line number="53" hits="1" branch="false" />
            <line number="54" hits="2" branch="false" />
            <line number="55" hits="2" branch="false" />
            <line number="56" hits="1" branch="false" />
          </lines>
        </class>
        <class name="BLL.Tests.QueryTestFixture" filename="C:\Users\user\Desktop\lab4.6-4.7\BLL.Tests\Common\QueryTestFixture.cs" line-rate="1" branch-rate="1" complexity="2">
          <methods>
            <method name="Dispose" signature="()" line-rate="1" branch-rate="1" complexity="1">
              <lines>
                <line number="53" hits="1" branch="false" />
              </lines>
            </method>
            <method name=".ctor" signature="()" line-rate="1" branch-rate="1" complexity="1">
              <lines>
                <line number="27" hits="1" branch="false" />
                <line number="28" hits="1" branch="false" />
                <line number="29" hits="1" branch="false" />
                <line number="30" hits="1" branch="false" />
                <line number="31" hits="1" branch="false" />
                <line number="32" hits="1" branch="false" />
                <line number="33" hits="1" branch="false" />
                <line number="35" hits="1" branch="false" />
                <line number="36" hits="1" branch="false" />
                <line number="37" hits="2" branch="false" />
                <line number="38" hits="2" branch="false" />
                <line number="39" hits="2" branch="false" />
                <line number="40" hits="2" branch="false" />
                <line number="41" hits="2" branch="false" />
                <line number="42" hits="2" branch="false" />
                <line number="43" hits="2" branch="false" />
                <line number="44" hits="2" branch="false" />
                <line number="45" hits="2" branch="false" />
                <line number="46" hits="2" branch="false" />
                <line number="47" hits="2" branch="false" />
                <line number="48" hits="2" branch="false" />
                <line number="49" hits="2" branch="false" />
                <line number="50" hits="1" branch="false" />
                <line number="51" hits="1" branch="false" />
              </lines>
            </method>
          </methods>
          <lines>
            <line number="27" hits="1" branch="false" />
            <line number="28" hits="1" branch="false" />
            <line number="29" hits="1" branch="false" />
            <line number="30" hits="1" branch="false" />
            <line number="31" hits="1" branch="false" />
            <line number="32" hits="1" branch="false" />
            <line number="33" hits="1" branch="false" />
            <line number="35" hits="1" branch="false" />
            <line number="36" hits="1" branch="false" />
            <line number="37" hits="2" branch="false" />
            <line number="38" hits="2" branch="false" />
            <line number="39" hits="2" branch="false" />
            <line number="40" hits="2" branch="false" />
            <line number="41" hits="2" branch="false" />
            <line number="42" hits="2" branch="false" />
            <line number="43" hits="2" branch="false" />
            <line number="44" hits="2" branch="false" />
            <line number="45" hits="2" branch="false" />
            <line number="46" hits="2" branch="false" />
            <line number="47" hits="2" branch="false" />
            <line number="48" hits="2" branch="false" />
            <line number="49" hits="2" branch="false" />
            <line number="50" hits="1" branch="false" />
            <line number="51" hits="1" branch="false" />
            <line number="53" hits="1" branch="false" />
          </lines>
        </class>
        <class name="BLL.Tests.RemoveClubCommandHandlerTests" filename="C:\Users\user\Desktop\lab4.6-4.7\BLL.Tests\Club\Commands\RemoveClubCommandHandlerTests.cs" line-rate="1" branch-rate="1" complexity="3">
          <methods>
            <method name="RemoveClubCommandHandler_Success" signature="()" line-rate="1" branch-rate="1" complexity="1">
              <lines>
                <line number="17" hits="1" branch="false" />
                <line number="19" hits="1" branch="false" />
                <line number="22" hits="1" branch="false" />
                <line number="23" hits="1" branch="false" />
                <line number="24" hits="1" branch="false" />
                <line number="25" hits="1" branch="false" />
                <line number="28" hits="1" branch="false" />
                <line number="29" hits="1" branch="false" />
                <line number="30" hits="1" branch="false" />
              </lines>
            </method>
            <method name="&lt;RemoveClubCommandHandler_FailedOnWrongId" signature="()" line-rate="1" branch-rate="1" complexity="1">
              <lines>
                <line number="41" hits="2" branch="false" />
                <line number="42" hits="2" branch="false" />
              </lines>
            </method>
            <method name="RemoveClubCommandHandler_FailedOnWrongId" signature="()" line-rate="1" branch-rate="1" complexity="1">
              <lines>
                <line number="34" hits="1" branch="false" />
                <line number="36" hits="1" branch="false" />
                <line number="40" hits="1" branch="false" />
                <line number="41" hits="2" branch="false" />
                <line number="42" hits="2" branch="false" />
                <line number="43" hits="1" branch="false" />
              </lines>
            </method>
          </methods>
          <lines>
            <line number="17" hits="1" branch="false" />
            <line number="19" hits="1" branch="false" />
            <line number="22" hits="1" branch="false" />
            <line number="23" hits="1" branch="false" />
            <line number="24" hits="1" branch="false" />
            <line number="25" hits="1" branch="false" />
            <line number="28" hits="1" branch="false" />
            <line number="29" hits="1" branch="false" />
            <line number="30" hits="1" branch="false" />
            <line number="34" hits="1" branch="false" />
            <line number="36" hits="1" branch="false" />
            <line number="40" hits="1" branch="false" />
            <line number="41" hits="2" branch="false" />
            <line number="42" hits="2" branch="false" />
            <line number="43" hits="1" branch="false" />
          </lines>
        </class>
        <class name="BLL.Tests.RemoveClubPassCommandHandlerTests" filename="C:\Users\user\Desktop\lab4.6-4.7\BLL.Tests\ClubPass\Commands\RemoveClubPassCommandHandlerTests.cs" line-rate="1" branch-rate="1" complexity="3">
          <methods>
            <method name="RemoveClubPassCommandHandler_Success" signature="()" line-rate="1" branch-rate="1" complexity="1">
              <lines>
                <line number="14" hits="1" branch="false" />
                <line number="16" hits="1" branch="false" />
                <line number="19" hits="1" branch="false" />
                <line number="20" hits="1" branch="false" />
                <line number="21" hits="1" branch="false" />
                <line number="22" hits="1" branch="false" />
                <line number="25" hits="1" branch="false" />
                <line number="26" hits="1" branch="false" />
                <line number="27" hits="1" branch="false" />
              </lines>
            </method>
            <method name="&lt;RemoveClubPassCommandHandler_FailedOnWrongId" signature="()" line-rate="1" branch-rate="1" complexity="1">
              <lines>
                <line number="38" hits="2" branch="false" />
                <line number="39" hits="2" branch="false" />
              </lines>
            </method>
            <method name="RemoveClubPassCommandHandler_FailedOnWrongId" signature="()" line-rate="1" branch-rate="1" complexity="1">
              <lines>
                <line number="31" hits="1" branch="false" />
                <line number="33" hits="1" branch="false" />
                <line number="37" hits="1" branch="false" />
                <line number="38" hits="2" branch="false" />
                <line number="39" hits="2" branch="false" />
                <line number="40" hits="1" branch="false" />
              </lines>
            </method>
          </methods>
          <lines>
            <line number="14" hits="1" branch="false" />
            <line number="16" hits="1" branch="false" />
            <line number="19" hits="1" branch="false" />
            <line number="20" hits="1" branch="false" />
            <line number="21" hits="1" branch="false" />
            <line number="22" hits="1" branch="false" />
            <line number="25" hits="1" branch="false" />
            <line number="26" hits="1" branch="false" />
            <line number="27" hits="1" branch="false" />
            <line number="31" hits="1" branch="false" />
            <line number="33" hits="1" branch="false" />
            <line number="37" hits="1" branch="false" />
            <line number="38" hits="2" branch="false" />
            <line number="39" hits="2" branch="false" />
            <line number="40" hits="1" branch="false" />
          </lines>
        </class>
        <class name="BLL.Tests.RemoveUserCommandHandlerTests" filename="C:\Users\user\Desktop\lab4.6-4.7\BLL.Tests\User\Commands\RemoveUserCommandHandlerTests.cs" line-rate="1" branch-rate="1" complexity="3">
          <methods>
            <method name="RemoveUserCommandHandler_Success" signature="()" line-rate="1" branch-rate="1" complexity="1">
              <lines>
                <line number="14" hits="1" branch="false" />
                <line number="16" hits="1" branch="false" />
                <line number="19" hits="1" branch="false" />
                <line number="20" hits="1" branch="false" />
                <line number="21" hits="1" branch="false" />
                <line number="22" hits="1" branch="false" />
                <line number="25" hits="1" branch="false" />
                <line number="26" hits="1" branch="false" />
                <line number="27" hits="1" branch="false" />
              </lines>
            </method>
            <method name="&lt;RemoveUserCommandHandler_FailedOnWrongId" signature="()" line-rate="1" branch-rate="1" complexity="1">
              <lines>
                <line number="38" hits="2" branch="false" />
                <line number="39" hits="2" branch="false" />
              </lines>
            </method>
            <method name="RemoveUserCommandHandler_FailedOnWrongId" signature="()" line-rate="1" branch-rate="1" complexity="1">
              <lines>
                <line number="31" hits="1" branch="false" />
                <line number="33" hits="1" branch="false" />
                <line number="37" hits="1" branch="false" />
                <line number="38" hits="2" branch="false" />
                <line number="39" hits="2" branch="false" />
                <line number="40" hits="1" branch="false" />
              </lines>
            </method>
          </methods>
          <lines>
            <line number="14" hits="1" branch="false" />
            <line number="16" hits="1" branch="false" />
            <line number="19" hits="1" branch="false" />
            <line number="20" hits="1" branch="false" />
            <line number="21" hits="1" branch="false" />
            <line number="22" hits="1" branch="false" />
            <line number="25" hits="1" branch="false" />
            <line number="26" hits="1" branch="false" />
            <line number="27" hits="1" branch="false" />
            <line number="31" hits="1" branch="false" />
            <line number="33" hits="1" branch="false" />
            <line number="37" hits="1" branch="false" />
            <line number="38" hits="2" branch="false" />
            <line number="39" hits="2" branch="false" />
            <line number="40" hits="1" branch="false" />
          </lines>
        </class>
        <class name="BLL.Tests.RemoveWorkoutCommandHandlerTests" filename="C:\Users\user\Desktop\lab4.6-4.7\BLL.Tests\Workout\Commands\RemoveWorkoutCommandHandlerTests.cs" line-rate="1" branch-rate="1" complexity="3">
          <methods>
            <method name="RemoveWorkoutCommandHandler_Success" signature="()" line-rate="1" branch-rate="1" complexity="1">
              <lines>
                <line number="14" hits="1" branch="false" />
                <line number="16" hits="1" branch="false" />
                <line number="19" hits="1" branch="false" />
                <line number="20" hits="1" branch="false" />
                <line number="21" hits="1" branch="false" />
                <line number="22" hits="1" branch="false" />
                <line number="25" hits="1" branch="false" />
                <line number="26" hits="1" branch="false" />
                <line number="27" hits="1" branch="false" />
              </lines>
            </method>
            <method name="&lt;RemoveWorkoutCommandHandler_FailedOnWrongId" signature="()" line-rate="1" branch-rate="1" complexity="1">
              <lines>
                <line number="38" hits="2" branch="false" />
                <line number="39" hits="2" branch="false" />
              </lines>
            </method>
            <method name="RemoveWorkoutCommandHandler_FailedOnWrongId" signature="()" line-rate="1" branch-rate="1" complexity="1">
              <lines>
                <line number="31" hits="1" branch="false" />
                <line number="33" hits="1" branch="false" />
                <line number="37" hits="1" branch="false" />
                <line number="38" hits="2" branch="false" />
                <line number="39" hits="2" branch="false" />
                <line number="40" hits="1" branch="false" />
              </lines>
            </method>
          </methods>
          <lines>
            <line number="14" hits="1" branch="false" />
            <line number="16" hits="1" branch="false" />
            <line number="19" hits="1" branch="false" />
            <line number="20" hits="1" branch="false" />
            <line number="21" hits="1" branch="false" />
            <line number="22" hits="1" branch="false" />
            <line number="25" hits="1" branch="false" />
            <line number="26" hits="1" branch="false" />
            <line number="27" hits="1" branch="false" />
            <line number="31" hits="1" branch="false" />
            <line number="33" hits="1" branch="false" />
            <line number="37" hits="1" branch="false" />
            <line number="38" hits="2" branch="false" />
            <line number="39" hits="2" branch="false" />
            <line number="40" hits="1" branch="false" />
          </lines>
        </class>
        <class name="BLL.Tests.TestCommandBase" filename="C:\Users\user\Desktop\lab4.6-4.7\BLL.Tests\Common\TestCommandBase.cs" line-rate="1" branch-rate="1" complexity="2">
          <methods>
            <method name="Dispose" signature="()" line-rate="1" branch-rate="1" complexity="1">
              <lines>
                <line number="31" hits="26" branch="false" />
              </lines>
            </method>
            <method name=".ctor" signature="()" line-rate="1" branch-rate="1" complexity="1">
              <lines>
                <line number="21" hits="26" branch="false" />
                <line number="22" hits="26" branch="false" />
                <line number="23" hits="26" branch="false" />
                <line number="24" hits="26" branch="false" />
                <line number="25" hits="26" branch="false" />
                <line number="26" hits="26" branch="false" />
                <line number="27" hits="26" branch="false" />
                <line number="28" hits="26" branch="false" />
                <line number="29" hits="26" branch="false" />
              </lines>
            </method>
          </methods>
          <lines>
            <line number="21" hits="26" branch="false" />
            <line number="22" hits="26" branch="false" />
            <line number="23" hits="26" branch="false" />
            <line number="24" hits="26" branch="false" />
            <line number="25" hits="26" branch="false" />
            <line number="26" hits="26" branch="false" />
            <line number="27" hits="26" branch="false" />
            <line number="28" hits="26" branch="false" />
            <line number="29" hits="26" branch="false" />
            <line number="31" hits="26" branch="false" />
          </lines>
        </class>
        <class name="BLL.Tests.UpdateClubCommandHandlerTests" filename="C:\Users\user\Desktop\lab4.6-4.7\BLL.Tests\Club\Commands\UpdateClubCommandHandlerTests.cs" line-rate="1" branch-rate="1" complexity="3">
          <methods>
            <method name="UpdateClubCommandHandler_Success" signature="()" line-rate="1" branch-rate="1" complexity="1">
              <lines>
                <line number="17" hits="1" branch="false" />
                <line number="19" hits="1" branch="false" />
                <line number="20" hits="1" branch="false" />
                <line number="24" hits="1" branch="false" />
                <line number="25" hits="1" branch="false" />
                <line number="26" hits="1" branch="false" />
                <line number="27" hits="1" branch="false" />
                <line number="28" hits="1" branch="false" />
                <line number="31" hits="1" branch="false" />
                <line number="32" hits="1" branch="false" />
                <line number="33" hits="1" branch="false" />
              </lines>
            </method>
            <method name="&lt;UpdateClubCommandHandler_FailOnWrongId" signature="()" line-rate="1" branch-rate="1" complexity="1">
              <lines>
                <line number="44" hits="2" branch="false" />
                <line number="45" hits="2" branch="false" />
                <line number="46" hits="2" branch="false" />
                <line number="47" hits="2" branch="false" />
              </lines>
            </method>
            <method name="UpdateClubCommandHandler_FailOnWrongId" signature="()" line-rate="1" branch-rate="1" complexity="1">
              <lines>
                <line number="37" hits="1" branch="false" />
                <line number="39" hits="1" branch="false" />
                <line number="43" hits="1" branch="false" />
                <line number="44" hits="2" branch="false" />
                <line number="45" hits="2" branch="false" />
                <line number="46" hits="2" branch="false" />
                <line number="47" hits="2" branch="false" />
                <line number="48" hits="1" branch="false" />
              </lines>
            </method>
          </methods>
          <lines>
            <line number="17" hits="1" branch="false" />
            <line number="19" hits="1" branch="false" />
            <line number="20" hits="1" branch="false" />
            <line number="24" hits="1" branch="false" />
            <line number="25" hits="1" branch="false" />
            <line number="26" hits="1" branch="false" />
            <line number="27" hits="1" branch="false" />
            <line number="28" hits="1" branch="false" />
            <line number="31" hits="1" branch="false" />
            <line number="32" hits="1" branch="false" />
            <line number="33" hits="1" branch="false" />
            <line number="37" hits="1" branch="false" />
            <line number="39" hits="1" branch="false" />
            <line number="43" hits="1" branch="false" />
            <line number="44" hits="2" branch="false" />
            <line number="45" hits="2" branch="false" />
            <line number="46" hits="2" branch="false" />
            <line number="47" hits="2" branch="false" />
            <line number="48" hits="1" branch="false" />
          </lines>
        </class>
        <class name="BLL.Tests.UpdateClubPassCommandHandlerTests" filename="C:\Users\user\Desktop\lab4.6-4.7\BLL.Tests\ClubPass\Commands\UpdateClubPassCommandHandlerTests.cs" line-rate="1" branch-rate="1" complexity="3">
          <methods>
            <method name="UpdateClubPassCommandHandler_Success" signature="()" line-rate="1" branch-rate="1" complexity="1">
              <lines>
                <line number="14" hits="1" branch="false" />
                <line number="16" hits="1" branch="false" />
                <line number="17" hits="1" branch="false" />
                <line number="21" hits="1" branch="false" />
                <line number="22" hits="1" branch="false" />
                <line number="23" hits="1" branch="false" />
                <line number="24" hits="1" branch="false" />
                <line number="25" hits="1" branch="false" />
                <line number="26" hits="1" branch="false" />
                <line number="29" hits="1" branch="false" />
                <line number="30" hits="1" branch="false" />
                <line number="31" hits="1" branch="false" />
              </lines>
            </method>
            <method name="&lt;UpdateClubPassCommandHandler_FailOnWrongId" signature="()" line-rate="1" branch-rate="1" complexity="1">
              <lines>
                <line number="42" hits="2" branch="false" />
                <line number="43" hits="2" branch="false" />
                <line number="44" hits="2" branch="false" />
                <line number="45" hits="2" branch="false" />
                <line number="46" hits="2" branch="false" />
              </lines>
            </method>
            <method name="UpdateClubPassCommandHandler_FailOnWrongId" signature="()" line-rate="1" branch-rate="1" complexity="1">
              <lines>
                <line number="35" hits="1" branch="false" />
                <line number="37" hits="1" branch="false" />
                <line number="41" hits="1" branch="false" />
                <line number="42" hits="2" branch="false" />
                <line number="43" hits="2" branch="false" />
                <line number="44" hits="2" branch="false" />
                <line number="45" hits="2" branch="false" />
                <line number="46" hits="2" branch="false" />
                <line number="47" hits="1" branch="false" />
              </lines>
            </method>
          </methods>
          <lines>
            <line number="14" hits="1" branch="false" />
            <line number="16" hits="1" branch="false" />
            <line number="17" hits="1" branch="false" />
            <line number="21" hits="1" branch="false" />
            <line number="22" hits="1" branch="false" />
            <line number="23" hits="1" branch="false" />
            <line number="24" hits="1" branch="false" />
            <line number="25" hits="1" branch="false" />
            <line number="26" hits="1" branch="false" />
            <line number="29" hits="1" branch="false" />
            <line number="30" hits="1" branch="false" />
            <line number="31" hits="1" branch="false" />
            <line number="35" hits="1" branch="false" />
            <line number="37" hits="1" branch="false" />
            <line number="41" hits="1" branch="false" />
            <line number="42" hits="2" branch="false" />
            <line number="43" hits="2" branch="false" />
            <line number="44" hits="2" branch="false" />
            <line number="45" hits="2" branch="false" />
[...]
                <line number="15" hits="1" branch="false" />
                <line number="16" hits="1" branch="false" />
              </lines>
            </method>
          </methods>
          <lines>
            <line number="12" hits="1" branch="false" />
            <line number="13" hits="1" branch="false" />
            <line number="14" hits="1" branch="false" />
            <line number="15" hits="1" branch="false" />
            <line number="16" hits="1" branch="false" />
          </lines>
        </class>
      </classes>
    </package>
    <package name="UoW" line-rate="0.48484848484848486" branch-rate="0" complexity="12">
      <classes>
        <class name="UoW.UnitOfWork" filename="C:\Users\user\Desktop\lab4.6-4.7\UoW\Repositories\UnitOfWork.cs" line-rate="0.5333333333333333" branch-rate="0" complexity="11">
          <methods>
            <method name="get_Clubs" signature="()" line-rate="1" branch-rate="1" complexity="1">
              <lines>
                <line number="15" hits="40" branch="false" />
              </lines>
            </method>
            <method name="get_ClubPasses" signature="()" line-rate="1" branch-rate="1" complexity="1">
              <lines>
                <line number="16" hits="42" branch="false" />
              </lines>
            </method>
            <method name="get_Users" signature="()" line-rate="1" branch-rate="1" complexity="1">
              <lines>
                <line number="17" hits="38" branch="false" />
              </lines>
            </method>
            <method name="get_Workouts" signature="()" line-rate="1" branch-rate="1" complexity="1">
              <lines>
                <line number="18" hits="39" branch="false" />
              </lines>
            </method>
            <method name="Dispose" signature="(...)" line-rate="0" branch-rate="0" complexity="4">
              <lines>
                <line number="30" hits="0" branch="false" />
                <line number="31" hits="0" branch="true" condition-coverage="0% (0/2)" />
                <line number="32" hits="0" branch="false" />
                <line number="33" hits="0" branch="true" condition-coverage="0% (0/2)" />
                <line number="34" hits="0" branch="false" />
                <line number="35" hits="0" branch="false" />
                <line number="36" hits="0" branch="false" />
                <line number="37" hits="0" branch="false" />
                <line number="38" hits="0" branch="false" />
                <line number="39" hits="0" branch="false" />
              </lines>
            </method>
            <method name="Dispose" signature="()" line-rate="0" branch-rate="1" complexity="1">
              <lines>
                <line number="41" hits="0" branch="false" />
                <line number="42" hits="0" branch="false" />
                <line number="43" hits="0" branch="false" />
                <line number="44" hits="0" branch="false" />
              </lines>
            </method>
            <method name=".ctor" signature="(...)" line-rate="1" branch-rate="1" complexity="1">
              <lines>
                <line number="20" hits="27" branch="false" />
                <line number="21" hits="27" branch="false" />
                <line number="22" hits="27" branch="false" />
                <line number="23" hits="27" branch="false" />
                <line number="24" hits="27" branch="false" />
                <line number="25" hits="27" branch="false" />
                <line number="26" hits="27" branch="false" />
                <line number="27" hits="27" branch="false" />
                <line number="28" hits="27" branch="false" />
              </lines>
            </method>
            <method name="SaveAsync" signature="()" line-rate="1" branch-rate="1" complexity="1">
              <lines>
                <line number="47" hits="14" branch="false" />
                <line number="48" hits="14" branch="false" />
                <line number="49" hits="14" branch="false" />
              </lines>
            </method>
          </methods>
          <lines>
            <line number="15" hits="40" branch="false" />
            <line number="16" hits="42" branch="false" />
            <line number="17" hits="38" branch="false" />
            <line number="18" hits="39" branch="false" />
            <line number="20" hits="27" branch="false" />
            <line number="21" hits="27" branch="false" />
            <line number="22" hits="27" branch="false" />
            <line number="23" hits="27" branch="false" />
            <line number="24" hits="27" branch="false" />
            <line number="25" hits="27" branch="false" />
            <line number="26" hits="27" branch="false" />
            <line number="27" hits="27" branch="false" />
            <line number="28" hits="27" branch="false" />
            <line number="30" hits="0" branch="false" />
            <line number="31" hits="0" branch="true" condition-coverage="0% (0/2)" />
            <line number="32" hits="0" branch="false" />
            <line number="33" hits="0" branch="true" condition-coverage="0% (0/2)" />
            <line number="34" hits="0" branch="false" />
            <line number="35" hits="0" branch="false" />
            <line number="36" hits="0" branch="false" />
            <line number="37" hits="0" branch="false" />
            <line number="38" hits="0" branch="false" />
            <line number="39" hits="0" branch="false" />
            <line number="41" hits="0" branch="false" />
            <line number="42" hits="0" branch="false" />
            <line number="43" hits="0" branch="false" />
            <line number="44" hits="0" branch="false" />
            <line number="47" hits="14" branch="false" />
            <line number="48" hits="14" branch="false" />
            <line number="49" hits="14" branch="false" />
          </lines>
        </class>
        <class name="UoW.UoWModule" filename="C:\Users\user\Desktop\lab4.6-4.7\UoW\Module\UoWModule.cs" line-rate="0" branch-rate="1" complexity="1">
          <methods>
            <method name="Load" signature="(...)" line-rate="0" branch-rate="1" complexity="1">
              <lines>
                <line number="11" hits="0" branch="false" />
                <line number="12" hits="0" branch="false" />
                <line number="13" hits="0" branch="false" />
              </lines>
            </method>
          </methods>
          <lines>
            <line number="11" hits="0" branch="false" />
            <line number="12" hits="0" branch="false" />
            <line number="13" hits="0" branch="false" />
          </lines>
        </class>
      </classes>
    </package>
    <package name="ViewModels" line-rate="0.40350877192982454" branch-rate="0" complexity="31">
      <classes>
        <class name="ViewModels.ClubModel" filename="C:\Users\user\Desktop\lab4.6-4.7\ViewModels\Models\ClubModel.cs" line-rate="0.46153846153846156" branch-rate="1" complexity="7">
          <methods>
            <method name="get_Id" signature="()" line-rate="1" branch-rate="1" complexity="1">
              <lines>
                <line number="9" hits="5" branch="false" />
              </lines>
            </method>
            <method name="get_Name" signature="()" line-rate="1" branch-rate="1" complexity="1">
              <lines>
                <line number="10" hits="6" branch="false" />
              </lines>
            </method>
            <method name="get_City" signature="()" line-rate="1" branch-rate="1" complexity="1">
              <lines>
                <line number="11" hits="6" branch="false" />
              </lines>
            </method>
            <method name="get_Address" signature="()" line-rate="1" branch-rate="1" complexity="1">
              <lines>
                <line number="12" hits="6" branch="false" />
              </lines>
            </method>
            <method name="get_ClubPasses" signature="()" line-rate="1" branch-rate="1" complexity="1">
              <lines>
                <line number="13" hits="5" branch="false" />
              </lines>
            </method>
            <method name="get_Workouts" signature="()" line-rate="1" branch-rate="1" complexity="1">
              <lines>
                <line number="14" hits="5" branch="false" />
              </lines>
            </method>
            <method name="ToString" signature="()" line-rate="0" branch-rate="1" complexity="1">
              <lines>
                <line number="17" hits="0" branch="false" />
                <line number="18" hits="0" branch="false" />
                <line number="19" hits="0" branch="false" />
                <line number="20" hits="0" branch="false" />
                <line number="21" hits="0" branch="false" />
                <line number="22" hits="0" branch="false" />
                <line number="23" hits="0" branch="false" />
              </lines>
            </method>
          </methods>
          <lines>
            <line number="9" hits="5" branch="false" />
            <line number="10" hits="6" branch="false" />
            <line number="11" hits="6" branch="false" />
            <line number="12" hits="6" branch="false" />
            <line number="13" hits="5" branch="false" />
            <line number="14" hits="5" branch="false" />
            <line number="17" hits="0" branch="false" />
            <line number="18" hits="0" branch="false" />
            <line number="19" hits="0" branch="false" />
            <line number="20" hits="0" branch="false" />
            <line number="21" hits="0" branch="false" />
            <line number="22" hits="0" branch="false" />
            <line number="23" hits="0" branch="false" />
          </lines>
        </class>
        <class name="ViewModels.ClubPassModel" filename="C:\Users\user\Desktop\lab4.6-4.7\ViewModels\Models\ClubPassModel.cs" line-rate="0.5" branch-rate="1" complexity="7">
          <methods>
            <method name="get_Id" signature="()" line-rate="1" branch-rate="1" complexity="1">
              <lines>
                <line number="9" hits="14" branch="false" />
              </lines>
            </method>
            <method name="get_ClubId" signature="()" line-rate="1" branch-rate="1" complexity="1">
              <lines>
                <line number="10" hits="15" branch="false" />
              </lines>
            </method>
            <method name="get_Name" signature="()" line-rate="1" branch-rate="1" complexity="1">
              <lines>
                <line number="11" hits="15" branch="false" />
              </lines>
            </method>
            <method name="get_Price" signature="()" line-rate="1" branch-rate="1" complexity="1">
              <lines>
                <line number="12" hits="15" branch="false" />
              </lines>
            </method>
            <method name="get_IsNet" signature="()" line-rate="1" branch-rate="1" complexity="1">
              <lines>
                <line number="13" hits="15" branch="false" />
              </lines>
            </method>
            <method name="get_AvailableNumberOfVisits" signature="()" line-rate="1" branch-rate="1" complexity="1">
              <lines>
                <line number="14" hits="15" branch="false" />
              </lines>
            </method>
            <method name="ToString" signature="()" line-rate="0" branch-rate="1" complexity="1">
              <lines>
                <line number="19" hits="0" branch="false" />
                <line number="20" hits="0" branch="false" />
                <line number="21" hits="0" branch="false" />
                <line number="22" hits="0" branch="false" />
                <line number="23" hits="0" branch="false" />
                <line number="24" hits="0" branch="false" />
              </lines>
            </method>
          </methods>
          <lines>
            <line number="9" hits="14" branch="false" />
            <line number="10" hits="15" branch="false" />
            <line number="11" hits="15" branch="false" />
            <line number="12" hits="15" branch="false" />
            <line number="13" hits="15" branch="false" />
            <line number="14" hits="15" branch="false" />
            <line number="19" hits="0" branch="false" />
            <line number="20" hits="0" branch="false" />
            <line number="21" hits="0" branch="false" />
            <line number="22" hits="0" branch="false" />
            <line number="23" hits="0" branch="false" />
            <line number="24" hits="0" branch="false" />
          </lines>
        </class>
        <class name="ViewModels.ObservableObject" filename="C:\Users\user\Desktop\lab4.6-4.7\ViewModels\Observing\ObservableObject.cs" line-rate="0" branch-rate="0" complexity="4">
          <methods>
            <method name="OnPropertyChanged" signature="(...)" line-rate="0" branch-rate="0" complexity="2">
              <lines>
                <line number="14" hits="0" branch="false" />
                <line number="15" hits="0" branch="true" condition-coverage="0% (0/2)" />
                <line number="16" hits="0" branch="false" />
              </lines>
            </method>
            <method name="OnPropertyChanged" signature="(...)" line-rate="0" branch-rate="0" complexity="2">
              <lines>
                <line number="19" hits="0" branch="false" />
                <line number="20" hits="0" branch="true" condition-coverage="0% (0/2)" />
                <line number="21" hits="0" branch="false" />
                <line number="23" hits="0" branch="false" />
                <line number="24" hits="0" branch="false" />
                <line number="25" hits="0" branch="false" />
                <line number="26" hits="0" branch="false" />
              </lines>
            </method>
          </methods>
          <lines>
            <line number="14" hits="0" branch="false" />
            <line number="15" hits="0" branch="true" condition-coverage="0% (0/2)" />
            <line number="16" hits="0" branch="false" />
            <line number="19" hits="0" branch="false" />
            <line number="20" hits="0" branch="true" condition-coverage="0% (0/2)" />
            <line number="21" hits="0" branch="false" />
            <line number="23" hits="0" branch="false" />
            <line number="24" hits="0" branch="false" />
            <line number="25" hits="0" branch="false" />
            <line number="26" hits="0" branch="false" />
          </lines>
        </class>
        <class name="ViewModels.UserModel" filename="C:\Users\user\Desktop\lab4.6-4.7\ViewModels\Models\UserModel.cs" line-rate="0.5" branch-rate="1" complexity="7">
          <methods>
            <method name="get_Id" signature="()" line-rate="1" branch-rate="1" complexity="1">
              <lines>
                <line number="9" hits="5" branch="false" />
              </lines>
            </method>
            <method name="get_FirstName" signature="()" line-rate="1" branch-rate="1" complexity="1">
              <lines>
                <line number="10" hits="6" branch="false" />
              </lines>
            </method>
            <method name="get_LastName" signature="()" line-rate="1" branch-rate="1" complexity="1">
              <lines>
                <line number="11" hits="6" branch="false" />
              </lines>
            </method>
            <method name="get_AvailableNumberOfVisitsByClubPass" signature="()" line-rate="1" branch-rate="1" complexity="1">
              <lines>
                <line number="12" hits="5" branch="false" />
              </lines>
            </method>
            <method name="get_ClubPass" signature="()" line-rate="1" branch-rate="1" complexity="1">
              <lines>
                <line number="13" hits="5" branch="false" />
              </lines>
            </method>
            <method name="get_Workout" signature="()" line-rate="1" branch-rate="1" complexity="1">
              <lines>
                <line number="14" hits="5" branch="false" />
              </lines>
            </method>
            <method name="ToString" signature="()" line-rate="0" branch-rate="1" complexity="1">
              <lines>
                <line number="17" hits="0" branch="false" />
                <line number="18" hits="0" branch="false" />
                <line number="19" hits="0" branch="false" />
                <line number="20" hits="0" branch="false" />
                <line number="21" hits="0" branch="false" />
                <line number="23" hits="0" branch="false" />
              </lines>
            </method>
          </methods>
          <lines>
            <line number="9" hits="5" branch="false" />
            <line number="10" hits="6" branch="false" />
            <line number="11" hits="6" branch="false" />
            <line number="12" hits="5" branch="false" />
            <line number="13" hits="5" branch="false" />
            <line number="14" hits="5" branch="false" />
            <line number="17" hits="0" branch="false" />
            <line number="18" hits="0" branch="false" />
            <line number="19" hits="0" branch="false" />
            <line number="20" hits="0" branch="false" />
            <line number="21" hits="0" branch="false" />
            <line number="23" hits="0" branch="false" />
          </lines>
        </class>
        <class name="ViewModels.WorkoutModel" filename="C:\Users\user\Desktop\lab4.6-4.7\ViewModels\Models\WorkoutModel.cs" line-rate="0.5" branch-rate="1" complexity="6">
          <methods>
            <method name="get_Id" signature="()" line-rate="1" branch-rate="1" complexity="1">
              <lines>
                <line number="9" hits="14" branch="false" />
              </lines>
            </method>
            <method name="get_Type" signature="()" line-rate="1" branch-rate="1" complexity="1">
              <lines>
                <line number="10" hits="15" branch="false" />
              </lines>
            </method>
            <method name="get_Time" signature="()" line-rate="1" branch-rate="1" complexity="1">
              <lines>
                <line number="11" hits="15" branch="false" />
              </lines>
            </method>
            <method name="get_Price" signature="()" line-rate="1" branch-rate="1" complexity="1">
              <lines>
                <line number="12" hits="15" branch="false" />
              </lines>
            </method>
            <method name="get_ClubId" signature="()" line-rate="1" branch-rate="1" complexity="1">
              <lines>
                <line number="13" hits="15" branch="false" />
              </lines>
            </method>
            <method name="ToString" signature="()" line-rate="0" branch-rate="1" complexity="1">
              <lines>
                <line number="18" hits="0" branch="false" />
                <line number="19" hits="0" branch="false" />
                <line number="20" hits="0" branch="false" />
                <line number="21" hits="0" branch="false" />
                <line number="22" hits="0" branch="false" />
              </lines>
            </method>
          </methods>
          <lines>
            <line number="9" hits="14" branch="false" />
            <line number="10" hits="15" branch="false" />
            <line number="11" hits="15" branch="false" />
            <line number="12" hits="15" branch="false" />
            <line number="13" hits="15" branch="false" />
            <line number="18" hits="0" branch="false" />
            <line number="19" hits="0" branch="false" />
            <line number="20" hits="0" branch="false" />
            <line number="21" hits="0" branch="false" />
            <line number="22" hits="0" branch="false" />
          </lines>
        </class>
      </classes>
    </package>
  </packages>
</coverage>